2018-09-13 23:06:33,819 [31] INFO WebApi.BCIconf.Helpers.TrackUser - Addting tracking: _RgeQy8Gjlg4zmymHapEeNvXILBcxbtEiw3j15_Pzzk1 || 0
2018-09-13 23:07:02,314 [31] ERROR WebApi.BCIconf.Helpers.TrackUser - TRACK CHANGES: Login failed for user 'admaxtrator'.
2018-09-13 23:08:09,894 [62] INFO WebApi.BCIconf.Helpers.TrackUser - Addting tracking: 4VwKzopEJ3wiqr6Yn7njpt_0SP6MrbQwyi37jCo--to1 || 0
2018-09-13 23:08:39,659 [62] ERROR WebApi.BCIconf.Helpers.TrackUser - TRACK CHANGES: Login failed for user 'admaxtrator'.
2018-09-13 23:11:22,803 [74] INFO WebApi.BCIconf.Helpers.TrackUser - Addting tracking: wfuwrUv8NmcEJQwjL5ea2m1tpjmHd1og_rsjr8VkcTQ1 || 0
2018-09-13 23:11:38,659 [31] INFO WebApi.BCIconf.Helpers.TrackUser - Addting tracking: t09IyHrluNxXJ_HR2hYl7FuGbbEnmwE5Jc7qNhB4b201 || 0
2018-09-13 23:11:40,536 [74] ERROR WebApi.BCIconf.Helpers.TrackUser - TRACK CHANGES: Login failed for user 'admaxtrator'.
2018-09-13 23:11:56,331 [31] ERROR WebApi.BCIconf.Helpers.TrackUser - TRACK CHANGES: Login failed for user 'admaxtrator'.
2018-09-13 23:11:58,318 [8] INFO WebApi.BCIconf.Helpers.TrackUser - Addting tracking: 7PQNdtwHiOMkimvq_A9CqlVb8ML6_wwltJmzEUekl7Y1 || 0
2018-09-13 23:12:14,237 [8] ERROR WebApi.BCIconf.Helpers.TrackUser - TRACK CHANGES: Login failed for user 'admaxtrator'.
2018-09-13 23:12:31,686 [74] INFO WebApi.BCIconf.Helpers.TrackUser - Addting tracking: ETycNS-YvKc_Ux5yiyDIhUm6x0uGr-ZK4HEQeUdulJ81 || 0
2018-09-13 23:12:45,584 [62] INFO WebApi.BCIconf.Helpers.TrackUser - Addting tracking: ui4n2uzxViN2VvRydnHVDWskON9faOVFrR0raYVIaVs1 || 0
2018-09-13 23:12:47,876 [74] ERROR WebApi.BCIconf.Helpers.TrackUser - TRACK CHANGES: Login failed for user 'admaxtrator'.
2018-09-13 23:13:03,378 [50] INFO WebApi.BCIconf.Helpers.TrackUser - Addting tracking: KVeiVSuPEo6Vr40n9EkQQ_aNobnWcR85xT77Gb62HV01 || 0
2018-09-13 23:13:03,805 [62] ERROR WebApi.BCIconf.Helpers.TrackUser - TRACK CHANGES: Login failed for user 'admaxtrator'.
2018-09-13 23:13:19,544 [50] ERROR WebApi.BCIconf.Helpers.TrackUser - TRACK CHANGES: Login failed for user 'admaxtrator'.
2018-09-13 23:13:28,544 [74] INFO WebApi.BCIconf.Helpers.TrackUser - Addting tracking: y0R0D8ypeMjmZ0cDeX0AS8PeMd1exlGyRuLDR4RzQGw1 || 0
2018-09-13 23:13:43,771 [31] INFO WebApi.BCIconf.Helpers.TrackUser - Addting tracking: XslS-ML1FM2nWw9lEB0iDnZXPmcXyjOulIfTkiBeXk41 || 0
2018-09-13 23:13:44,327 [74] ERROR WebApi.BCIconf.Helpers.TrackUser - TRACK CHANGES: Login failed for user 'admaxtrator'.
2018-09-13 23:14:00,061 [31] ERROR WebApi.BCIconf.Helpers.TrackUser - TRACK CHANGES: Login failed for user 'admaxtrator'.
2018-09-13 23:14:47,498 [74] INFO WebApi.BCIconf.Helpers.TrackUser - Addting tracking: mzTAY25alBJSRjAEIxsiOnOi8j5JMxxKeteEFrtzf8Q1 || 0
2018-09-13 23:14:55,059 [50] INFO WebApi.BCIconf.Helpers.TrackUser - Addting tracking: bg0Ur07UwbfpiiEkubh1N9stdwLLGgzY113sj41xkJo1 || 0
2018-09-13 23:15:01,440 [31] INFO WebApi.BCIconf.Helpers.TrackUser - Addting tracking: BEinzm6kiBfIRhKNEDRsx708OBih86QgawYtr5wI15c1 || 0
2018-09-13 23:15:03,291 [74] ERROR WebApi.BCIconf.Helpers.TrackUser - TRACK CHANGES: Login failed for user 'admaxtrator'.
2018-09-13 23:15:09,293 [42] INFO WebApi.BCIconf.Helpers.TrackUser - Addting tracking: W8QxNTP0cqx4LwBC0NBDghW2IBOjef24RvGJHJk85pM1 || 0
2018-09-13 23:15:15,750 [74] INFO WebApi.BCIconf.Helpers.TrackUser - Addting tracking: r_kliYdCwBlt5zfU8OnyP-Ibf20oyjBqRPKdmyTtypw1 || 0
2018-09-13 23:15:19,097 [50] ERROR WebApi.BCIconf.Helpers.TrackUser - TRACK CHANGES: Login failed for user 'admaxtrator'.
2018-09-13 23:15:21,425 [50] INFO WebApi.BCIconf.Helpers.TrackUser - Addting tracking: HNMZFQEeJJ_IyZKEXMQndVYTdFY_qv728xPymvwJxwY1 || 0
2018-09-13 23:15:36,536 [31] ERROR WebApi.BCIconf.Helpers.TrackUser - TRACK CHANGES: Login failed for user 'admaxtrator'.
2018-09-13 23:15:52,296 [42] ERROR WebApi.BCIconf.Helpers.TrackUser - TRACK CHANGES: Login failed for user 'admaxtrator'.
2018-09-13 23:16:08,060 [74] ERROR WebApi.BCIconf.Helpers.TrackUser - TRACK CHANGES: Login failed for user 'admaxtrator'.
2018-09-13 23:16:23,895 [50] ERROR WebApi.BCIconf.Helpers.TrackUser - TRACK CHANGES: Login failed for user 'admaxtrator'.
2018-09-13 23:19:05,107 [50] INFO WebApi.BCIconf.Helpers.TrackUser - Addting tracking: OBaZq2AwqRAGvoF104eCjpLQB13EJCsZrPZnd5bQJRo1 || 0
2018-09-13 23:19:11,942 [74] INFO WebApi.BCIconf.Helpers.TrackUser - Addting tracking: 0JCVnFMtJ2qccidyk8na-ZO9Ih_Ravo35xwTNSGWYYY1 || 0
2018-09-13 23:19:16,254 [8] INFO WebApi.BCIconf.Helpers.TrackUser - Addting tracking: qUZp5aeIcxOe_dxVvkMF1JRzPsXEcdIBLIQP6elnJM01 || 0
2018-09-13 23:19:21,100 [50] ERROR WebApi.BCIconf.Helpers.TrackUser - TRACK CHANGES: Login failed for user 'admaxtrator'.
2018-09-13 23:19:36,974 [74] ERROR WebApi.BCIconf.Helpers.TrackUser - TRACK CHANGES: Login failed for user 'admaxtrator'.
2018-09-13 23:19:52,739 [8] ERROR WebApi.BCIconf.Helpers.TrackUser - TRACK CHANGES: Login failed for user 'admaxtrator'.
2018-09-13 23:32:54,309 [50] INFO WebApi.BCIconf.Helpers.TrackUser - Addting tracking: iVgQ-IY--4aAJeSv_ta5wnmyGXttoUSLlPjRD8F50TY1 || 0
2018-09-13 23:32:55,996 [8] INFO WebApi.BCIconf.Helpers.TrackUser - Addting tracking: rcS70eimbaCJ3fax6PQYzOdL6gtSFSOh8Yi17Kc5qPg1 || 0
2018-09-13 23:33:08,818 [55] INFO WebApi.BCIconf.Helpers.TrackUser - Addting tracking: BHE2mvCTFOEPmvp3j1b9R8W5uGS8DzyvYV2zJlYLiEk1 || 0
2018-09-13 23:33:10,663 [50] ERROR WebApi.BCIconf.Helpers.TrackUser - TRACK CHANGES: Login failed for user 'admaxtrator'.
2018-09-13 23:33:19,145 [50] INFO WebApi.BCIconf.Helpers.TrackUser - Addting tracking: aq8ynbHKzORxCPljz04aeMu5QK2CePuRz4x7fGjAvJo1 || 0
2018-09-13 23:33:26,876 [8] ERROR WebApi.BCIconf.Helpers.TrackUser - TRACK CHANGES: Login failed for user 'admaxtrator'.
2018-09-13 23:33:32,769 [8] INFO WebApi.BCIconf.Helpers.TrackUser - Addting tracking: r4VWiTnPZmoJf_N05UfxEUkDUX0NO4j1VxuIFkOr9x41 || 0
2018-09-13 23:33:38,447 [36] INFO WebApi.BCIconf.Helpers.TrackUser - Addting tracking: 0FRinIjgLZ5jzxl7HLePVC_rcsh_agl-9Flzs2jLcBM1 || 0
2018-09-13 23:33:45,376 [55] ERROR WebApi.BCIconf.Helpers.TrackUser - TRACK CHANGES: Login failed for user 'admaxtrator'.
2018-09-13 23:34:00,326 [85] INFO WebApi.BCIconf.Helpers.TrackUser - Addting tracking: lvyUoUeZ91Kop7pd6aZpJWJv2oCLj6ayqCqsB_0G05o1 || 0
2018-09-13 23:34:06,264 [42] INFO WebApi.BCIconf.Helpers.TrackUser - Addting tracking: EOytycCYJrfy_hjIhBVtWI8o5KxRoRGOwrtg7J2sPPo1 || 0
2018-09-13 23:34:07,686 [55] INFO WebApi.BCIconf.Helpers.TrackUser - Addting tracking: AhgmXQ1z7f-Pvj97d_7NTzY8knPvubV_2dbgUJnXhqg1 || 0
2018-09-13 23:34:16,353 [50] ERROR WebApi.BCIconf.Helpers.TrackUser - TRACK CHANGES: Login failed for user 'admaxtrator'.
2018-09-13 23:34:20,334 [68] INFO WebApi.BCIconf.Helpers.TrackUser - Addting tracking: xgg9tywTUd40lIz5syO0FA5ptB8pnQjRQBZpJsif4RI1 || 0
2018-09-13 23:34:28,232 [50] INFO WebApi.BCIconf.Helpers.TrackUser - Addting tracking: P52Rjwesaucq2t7brcQHbUIiSmHJUfkAZPaFkjqbm0A1 || 0
2018-09-13 23:34:33,327 [24] INFO WebApi.BCIconf.Helpers.TrackUser - Addting tracking: XJeZtxdc2bAamRIwGgTlgEScFxJQM2nySoV_fOUmcPU1 || 0
2018-09-13 23:34:47,193 [8] ERROR WebApi.BCIconf.Helpers.TrackUser - TRACK CHANGES: Login failed for user 'admaxtrator'.
2018-09-13 23:35:02,983 [36] ERROR WebApi.BCIconf.Helpers.TrackUser - TRACK CHANGES: Login failed for user 'admaxtrator'.
2018-09-13 23:35:20,918 [85] ERROR WebApi.BCIconf.Helpers.TrackUser - TRACK CHANGES: Login failed for user 'admaxtrator'.
2018-09-13 23:35:55,217 [42] ERROR WebApi.BCIconf.Helpers.TrackUser - TRACK CHANGES: An exception occurred while initializing the database. See the InnerException for details.
2018-09-13 23:36:11,244 [55] ERROR WebApi.BCIconf.Helpers.TrackUser - TRACK CHANGES: Login failed for user 'admaxtrator'.
2018-09-13 23:36:14,063 [36] INFO WebApi.BCIconf.Helpers.TrackUser - Addting tracking: zewUGBm1ZL8Y2UXXndbmyS9tKEfrcaFD7DPNwlFL_JQ1 || 0
2018-09-13 23:36:27,037 [68] ERROR WebApi.BCIconf.Helpers.TrackUser - TRACK CHANGES: Login failed for user 'admaxtrator'.
2018-09-13 23:36:43,924 [50] ERROR WebApi.BCIconf.Helpers.TrackUser - TRACK CHANGES: Login failed for user 'admaxtrator'.
2018-09-13 23:36:59,707 [24] ERROR WebApi.BCIconf.Helpers.TrackUser - TRACK CHANGES: Login failed for user 'admaxtrator'.
2018-09-13 23:37:15,784 [36] ERROR WebApi.BCIconf.Helpers.TrackUser - TRACK CHANGES: Login failed for user 'admaxtrator'.
2018-09-13 23:37:58,074 [24] INFO WebApi.BCIconf.Helpers.TrackUser - Addting tracking: T1rQmkpQaaclyNuB5IKwkPr-IHOta6eahNZ_VOFyo5Y1 || 0
2018-09-13 23:37:58,708 [85] INFO WebApi.BCIconf.Helpers.TrackUser - Addting tracking: Ii7gtA6c1YQbCm1PZAp5FO_Lxne4qVG8ug8qdpKYo4I1 || 0
2018-09-13 23:38:09,157 [36] INFO WebApi.BCIconf.Helpers.TrackUser - Addting tracking: FW1y1gjnYEyvm2iwRNAYOblM2qnxvtnJycOhzvEXu6w1 || 0
2018-09-13 23:38:13,856 [24] ERROR WebApi.BCIconf.Helpers.TrackUser - TRACK CHANGES: Login failed for user 'admaxtrator'.
2018-09-13 23:38:21,225 [24] INFO WebApi.BCIconf.Helpers.TrackUser - Addting tracking: O8g6uVAyZ8kMiYUyqOmw6iYxZtAkwTHWZKZz-nm0BUE1 || 0
2018-09-13 23:38:29,763 [85] ERROR WebApi.BCIconf.Helpers.TrackUser - TRACK CHANGES: Login failed for user 'admaxtrator'.
2018-09-13 23:38:33,966 [64] INFO WebApi.BCIconf.Helpers.TrackUser - Addting tracking: y_-swBBw4m87rmnsLiyMyk-Lk48tPR8dZJ9UHQQlsbA1 || 0
2018-09-13 23:38:47,073 [36] ERROR WebApi.BCIconf.Helpers.TrackUser - TRACK CHANGES: Login failed for user 'admaxtrator'.
2018-09-13 23:39:03,077 [24] ERROR WebApi.BCIconf.Helpers.TrackUser - TRACK CHANGES: Login failed for user 'admaxtrator'.
2018-09-13 23:39:20,803 [64] ERROR WebApi.BCIconf.Helpers.TrackUser - TRACK CHANGES: Login failed for user 'admaxtrator'.
2018-09-13 23:40:57,319 [24] INFO WebApi.BCIconf.Helpers.TrackUser - Addting tracking: GzgtJEOwNqWxz6Mw0UU5FmrIN5h3kZXTFrD33pniMIU1 || 0
2018-09-13 23:41:14,322 [24] ERROR WebApi.BCIconf.Helpers.TrackUser - TRACK CHANGES: Login failed for user 'admaxtrator'.
2018-09-13 23:41:29,070 [24] INFO WebApi.BCIconf.Helpers.TrackUser - Addting tracking: G3xo5wlOTPl61vlPZjSHqBjNiNt5rUsQOmVOXMfi_Ds1 || 0
2018-09-13 23:41:31,933 [50] INFO WebApi.BCIconf.Helpers.TrackUser - Addting tracking: ZsUlJ5VoENvrhzjtCIWJKRqcV0c-7qt5OsLnAJgmfCU1 || 0
2018-09-13 23:41:36,573 [16] INFO WebApi.BCIconf.Helpers.TrackUser - Addting tracking: nLIVsVQuh4CJorFbJ2IpWYLNOw46bh7lw0SSV2ZzdT01 || 0
2018-09-13 23:41:44,946 [24] ERROR WebApi.BCIconf.Helpers.TrackUser - TRACK CHANGES: Login failed for user 'admaxtrator'.
2018-09-13 23:41:57,737 [83] INFO WebApi.BCIconf.Helpers.TrackUser - Addting tracking: dpFbcMiXERjFR-pOgPVzZPDb4kCMq4h9MrPwnX12P8I1 || 0
2018-09-13 23:42:00,727 [50] ERROR WebApi.BCIconf.Helpers.TrackUser - TRACK CHANGES: Login failed for user 'admaxtrator'.
2018-09-13 23:42:01,507 [50] INFO WebApi.BCIconf.Helpers.TrackUser - Addting tracking: 6YVK-Y-gP6fj3VnE2WacLimie2ctYc4QGwiHEFUcSOU1 || 0
2018-09-13 23:42:04,035 [73] INFO WebApi.BCIconf.Helpers.TrackUser - Addting tracking: dm47l5axp18kbxgcwhkTJXB8tqIFORpgVPESVjEG8pQ1 || 0
2018-09-13 23:42:07,506 [24] INFO WebApi.BCIconf.Helpers.TrackUser - Addting tracking: qYNevTFdJDJUFIAc0_UdPvCgh9YbNfTeeYGvGvFArKE1 || 0
2018-09-13 23:42:31,707 [16] ERROR WebApi.BCIconf.Helpers.TrackUser - TRACK CHANGES: An exception occurred while initializing the database. See the InnerException for details.
2018-09-13 23:42:47,499 [83] ERROR WebApi.BCIconf.Helpers.TrackUser - TRACK CHANGES: Login failed for user 'admaxtrator'.
2018-09-13 23:43:06,425 [50] ERROR WebApi.BCIconf.Helpers.TrackUser - TRACK CHANGES: Login failed for user 'admaxtrator'.
2018-09-13 23:43:22,380 [73] ERROR WebApi.BCIconf.Helpers.TrackUser - TRACK CHANGES: Login failed for user 'admaxtrator'.
2018-09-13 23:43:34,895 [73] INFO WebApi.BCIconf.Helpers.TrackUser - Addting tracking: iIkf6izYREMvyFLje14-wGl64Bpgc_yVo_6zaKTZr3g1 || 0
2018-09-13 23:43:38,177 [24] ERROR WebApi.BCIconf.Helpers.TrackUser - TRACK CHANGES: Login failed for user 'admaxtrator'.
2018-09-13 23:43:53,995 [73] ERROR WebApi.BCIconf.Helpers.TrackUser - TRACK CHANGES: Login failed for user 'admaxtrator'.
2018-09-13 23:46:46,752 [73] INFO WebApi.BCIconf.Helpers.TrackUser - Addting tracking: tTCtukdSVi_kIl_harBPROTbrn41k6DdweeY6sQ3q1w1 || 0
2018-09-13 23:47:02,624 [73] ERROR WebApi.BCIconf.Helpers.TrackUser - TRACK CHANGES: Login failed for user 'admaxtrator'.
2018-09-13 23:48:19,575 [83] INFO WebApi.BCIconf.Helpers.TrackUser - Addting tracking: WAn99TJlDVShgKM7UaumzkSYIBZKbMzrdrK2J6UeE6s1 || 0
2018-09-13 23:48:40,667 [83] ERROR WebApi.BCIconf.Helpers.TrackUser - TRACK CHANGES: Login failed for user 'admaxtrator'.
2018-09-13 23:51:04,794 [73] INFO WebApi.BCIconf.Helpers.TrackUser - Addting tracking: wk9Gn2s61dmzOPL142rQhoJk9C_wYGtAvZ5JldrCnI41 || 0
2018-09-13 23:51:22,740 [73] ERROR WebApi.BCIconf.Helpers.TrackUser - TRACK CHANGES: Login failed for user 'admaxtrator'.
2018-09-13 23:52:22,576 [73] INFO WebApi.BCIconf.Helpers.TrackUser - Addting tracking: T-FXGWcfgsHAMq8MGHvIlCLi_JdnsNRVkybXzCBooso1 || 0
2018-09-13 23:52:38,352 [73] ERROR WebApi.BCIconf.Helpers.TrackUser - TRACK CHANGES: Login failed for user 'admaxtrator'.
2018-09-13 23:52:40,989 [24] INFO WebApi.BCIconf.Helpers.TrackUser - Addting tracking: ivhIKaKE0qvrPfcAnl0SudcVBHVjf__uiLCLrM8tm3k1 || 0
2018-09-13 23:52:51,407 [45] INFO WebApi.BCIconf.Helpers.TrackUser - Addting tracking: WQlhi6C3kFoZkazymBSl25eUkjwf5WfTd9dtQXg-6JI1 || 0
2018-09-13 23:52:53,038 [50] INFO WebApi.BCIconf.Helpers.TrackUser - Addting tracking: 9H_V46ZULW9fwRCjDIHdVQaDcj2PyMMTVfxTqkZinHc1 || 0
2018-09-13 23:52:56,838 [24] ERROR WebApi.BCIconf.Helpers.TrackUser - TRACK CHANGES: Login failed for user 'admaxtrator'.
2018-09-13 23:53:03,220 [73] INFO WebApi.BCIconf.Helpers.TrackUser - Addting tracking: efEpRT3RBxIiyFtgMgb1qP8bHow742x5F1GtmaUxkAg1 || 0
2018-09-13 23:53:05,584 [16] INFO WebApi.BCIconf.Helpers.TrackUser - Addting tracking: E4BMnJcWulFUaK2ZtJsdSSm8fA6VKjxqYwlD1VQ9QSA1 || 0
2018-09-13 23:53:07,624 [24] INFO WebApi.BCIconf.Helpers.TrackUser - Addting tracking: cqRgEs5k77SE438O8yWkDBXIZmDvl-BzHyAkzhTfksA1 || 0
2018-09-13 23:53:12,619 [45] ERROR WebApi.BCIconf.Helpers.TrackUser - TRACK CHANGES: Login failed for user 'admaxtrator'.
2018-09-13 23:53:24,311 [79] INFO WebApi.BCIconf.Helpers.TrackUser - Addting tracking: wFLZAPJAp2A6HGcmGyxLCajSCOWYOUdvvyWZZX2htik1 || 0
2018-09-13 23:53:30,226 [49] INFO WebApi.BCIconf.Helpers.TrackUser - Addting tracking: ue_99NSNHNmrCAkgIb48lXL-bVBEcoRsy-x1RtNkG841 || 0
2018-09-13 23:53:31,758 [50] ERROR WebApi.BCIconf.Helpers.TrackUser - TRACK CHANGES: Login failed for user 'admaxtrator'.
2018-09-13 23:53:32,365 [45] INFO WebApi.BCIconf.Helpers.TrackUser - Addting tracking: spl56-cgFfwFLvwc7Ozlxe2JPv8q5khTzFOfNXmkgY81 || 0
2018-09-13 23:53:47,581 [73] ERROR WebApi.BCIconf.Helpers.TrackUser - TRACK CHANGES: Login failed for user 'admaxtrator'.
2018-09-13 23:54:03,409 [16] ERROR WebApi.BCIconf.Helpers.TrackUser - TRACK CHANGES: Login failed for user 'admaxtrator'.
2018-09-13 23:54:15,702 [50] INFO WebApi.BCIconf.Helpers.TrackUser - Addting tracking: E6vGt4_6Lo_VyNLGivSy3pMKzRwkstHVJe34KRf-V041 || 0
2018-09-13 23:54:21,778 [24] ERROR WebApi.BCIconf.Helpers.TrackUser - TRACK CHANGES: Login failed for user 'admaxtrator'.
2018-09-13 23:54:28,492 [73] INFO WebApi.BCIconf.Helpers.TrackUser - Addting tracking: 31hqzfkQo5y8oEH-nKtJivqlP1jljuY-RPoWWoz93T81 || 0
2018-09-13 23:54:34,674 [83] INFO WebApi.BCIconf.Helpers.TrackUser - Addting tracking: pNOOgS6Q3PSQNsKKljDHYFX4f2SXTyEhEKccEolDXeQ1 || 0
2018-09-13 23:54:37,621 [79] ERROR WebApi.BCIconf.Helpers.TrackUser - TRACK CHANGES: Login failed for user 'admaxtrator'.
2018-09-13 23:54:43,362 [70] INFO WebApi.BCIconf.Helpers.TrackUser - Addting tracking: tb44TSM7le08qYB5XBhMIdGwRCTWm34k5bKfB3nm0AQ1 || 0
2018-09-13 23:54:51,859 [79] INFO WebApi.BCIconf.Helpers.TrackUser - Addting tracking: 6CESI36g9mdy3hpHa5GGYggsHFYEpxnQ6R99QWXbEao1 || 0
2018-09-13 23:54:51,924 [24] INFO WebApi.BCIconf.Helpers.TrackUser - Addting tracking: KNRp-vXdz6kBNROXBd5yQC3b15P1snAd82jS38UBqG01 || 0
2018-09-13 23:54:54,216 [56] INFO WebApi.BCIconf.Helpers.TrackUser - Addting tracking: QiKOqw6n2xyJ_lmkocexz89TcITaK1EzoaN82aBu1zE1 || 0
2018-09-13 23:54:54,734 [49] ERROR WebApi.BCIconf.Helpers.TrackUser - TRACK CHANGES: Login failed for user 'admaxtrator'.
2018-09-13 23:54:57,203 [16] INFO WebApi.BCIconf.Helpers.TrackUser - Addting tracking: 9Pwb08rdUlWiXUBY50cZi-e585j8Mf2Gghg3ap6CH7g1 || 0
2018-09-13 23:55:00,564 [49] INFO WebApi.BCIconf.Helpers.TrackUser - Addting tracking: YXc4AfTcVlp7eyt7Wkass6XgWVW1dxww5SsgqSola9E1 || 0
2018-09-13 23:55:06,080 [81] INFO WebApi.BCIconf.Helpers.TrackUser - Addting tracking: _OaV0Se8F2Fjc8H_nUYws1UD6D-c-zSgc8IcFYiwGDw1 || 0
2018-09-13 23:55:06,997 [71] INFO WebApi.BCIconf.Helpers.TrackUser - Addting tracking: V54Rye7KN4j4jRTXE5H0kMkbITJTBnARlpR5qzyArwg1 || 0
2018-09-13 23:55:10,547 [45] ERROR WebApi.BCIconf.Helpers.TrackUser - TRACK CHANGES: Login failed for user 'admaxtrator'.
2018-09-13 23:55:42,476 [50] ERROR WebApi.BCIconf.Helpers.TrackUser - TRACK CHANGES: Login failed for user 'admaxtrator'.
2018-09-13 23:56:08,609 [73] ERROR WebApi.BCIconf.Helpers.TrackUser - TRACK CHANGES: Login failed for user 'admaxtrator'.
2018-09-13 23:56:24,437 [83] ERROR WebApi.BCIconf.Helpers.TrackUser - TRACK CHANGES: Login failed for user 'admaxtrator'.
2018-09-13 23:56:41,921 [73] INFO WebApi.BCIconf.Helpers.TrackUser - Addting tracking: 5-Aa29J1EHV1dwOhVEwDtm2GeDVHPH6aOITwvkuvEUQ1 || 0
2018-09-13 23:56:43,883 [70] ERROR WebApi.BCIconf.Helpers.TrackUser - TRACK CHANGES: Login failed for user 'admaxtrator'.
2018-09-13 23:56:44,831 [40] INFO WebApi.BCIconf.Helpers.TrackUser - Addting tracking: u9qH2gP5LeQ2OAqLKw0okgFMI1F4wIyTl77EcExusuA1 || 0
2018-09-13 23:56:53,088 [83] INFO WebApi.BCIconf.Helpers.TrackUser - Addting tracking: HCsmTDAgrn6WkabZbF6ytCRLiZtc6d3y8tF49kYlBls1 || 0
2018-09-13 23:57:00,009 [79] ERROR WebApi.BCIconf.Helpers.TrackUser - TRACK CHANGES: Login failed for user 'admaxtrator'.
2018-09-13 23:57:01,786 [79] INFO WebApi.BCIconf.Helpers.TrackUser - Addting tracking: NFkemuSF6RY8sKQn6QW9vVNA51obR9v5SigNqoSEmUc1 || 0
2018-09-13 23:57:16,001 [24] ERROR WebApi.BCIconf.Helpers.TrackUser - TRACK CHANGES: Login failed for user 'admaxtrator'.
2018-09-13 23:57:38,011 [56] ERROR WebApi.BCIconf.Helpers.TrackUser - TRACK CHANGES: Login failed for user 'admaxtrator'.
2018-09-13 23:57:53,799 [16] ERROR WebApi.BCIconf.Helpers.TrackUser - TRACK CHANGES: Login failed for user 'admaxtrator'.
2018-09-13 23:58:09,562 [49] ERROR WebApi.BCIconf.Helpers.TrackUser - TRACK CHANGES: Login failed for user 'admaxtrator'.
2018-09-13 23:58:25,455 [81] ERROR WebApi.BCIconf.Helpers.TrackUser - TRACK CHANGES: Login failed for user 'admaxtrator'.
2018-09-13 23:58:41,386 [71] ERROR WebApi.BCIconf.Helpers.TrackUser - TRACK CHANGES: Login failed for user 'admaxtrator'.
2018-09-13 23:58:57,253 [73] ERROR WebApi.BCIconf.Helpers.TrackUser - TRACK CHANGES: Login failed for user 'admaxtrator'.
2018-09-13 23:59:13,050 [40] ERROR WebApi.BCIconf.Helpers.TrackUser - TRACK CHANGES: Login failed for user 'admaxtrator'.
2018-09-13 23:59:29,118 [83] ERROR WebApi.BCIconf.Helpers.TrackUser - TRACK CHANGES: Login failed for user 'admaxtrator'.
2018-09-13 23:59:45,085 [79] ERROR WebApi.BCIconf.Helpers.TrackUser - TRACK CHANGES: Login failed for user 'admaxtrator'.
2018-09-14 00:02:15,747 [49] INFO WebApi.BCIconf.Helpers.TrackUser - Addting tracking: XOyjmSPoXV6YvXFDc56ZkKlJz3KtD2dQd2KsuTSSDgo1 || 0
2018-09-14 00:02:25,777 [79] INFO WebApi.BCIconf.Helpers.TrackUser - Addting tracking: HOrOUSVOtEn8HxHDkvuLbiUhHc2OeIzjd7iXL7Wydes1 || 0
2018-09-14 00:02:33,081 [49] ERROR WebApi.BCIconf.Helpers.TrackUser - TRACK CHANGES: Login failed for user 'admaxtrator'.
2018-09-14 00:03:08,098 [79] ERROR WebApi.BCIconf.Helpers.TrackUser - TRACK CHANGES: Login failed for user 'admaxtrator'.
2018-09-14 00:08:20,690 [49] INFO WebApi.BCIconf.Helpers.TrackUser - Addting tracking: oE-no9rL3iIToDMJYGRm9IZNHoi_DdMXFjuekJ5ZYx41 || 0
2018-09-14 00:08:25,991 [39] INFO WebApi.BCIconf.Helpers.TrackUser - Addting tracking: ajRedgX63C6LcMUqHqq67UQlWDjS4uNhKvLjA9j05Dc1 || 0
2018-09-14 00:08:29,191 [9] INFO WebApi.BCIconf.Helpers.TrackUser - Addting tracking: YOrZH5yQ2JK_ZKCKYOiFJLkb0G3wUhbM_Cr_eZbRi5c1 || 0
2018-09-14 00:08:34,071 [58] INFO WebApi.BCIconf.Helpers.TrackUser - Addting tracking: R6_eoT89cT_CxRqB4wEmVREcYdm5NZ4HUc3hP85PQmM1 || 0
2018-09-14 00:08:37,856 [41] INFO WebApi.BCIconf.Helpers.TrackUser - Addting tracking: w-UcJuEPr0NY3WnojtUx9MmjnHzwMqDeNZFYFDDCbhc1 || 0
2018-09-14 00:08:38,656 [49] ERROR WebApi.BCIconf.Helpers.TrackUser - TRACK CHANGES: Login failed for user 'admaxtrator'.
2018-09-14 00:08:54,460 [39] ERROR WebApi.BCIconf.Helpers.TrackUser - TRACK CHANGES: Login failed for user 'admaxtrator'.
2018-09-14 00:09:20,439 [9] ERROR WebApi.BCIconf.Helpers.TrackUser - TRACK CHANGES: Login failed for user 'admaxtrator'.
2018-09-14 00:09:30,636 [39] INFO WebApi.BCIconf.Helpers.TrackUser - Addting tracking: nk6ythoW4_8CXd-JKbWuwlHNIXVuRoLy1vNY3pX9N341 || 0
2018-09-14 00:09:36,298 [58] ERROR WebApi.BCIconf.Helpers.TrackUser - TRACK CHANGES: Login failed for user 'admaxtrator'.
2018-09-14 00:09:52,169 [41] ERROR WebApi.BCIconf.Helpers.TrackUser - TRACK CHANGES: Login failed for user 'admaxtrator'.
2018-09-14 00:10:07,970 [39] ERROR WebApi.BCIconf.Helpers.TrackUser - TRACK CHANGES: Login failed for user 'admaxtrator'.
2018-09-14 00:10:08,369 [58] INFO WebApi.BCIconf.Helpers.TrackUser - Addting tracking: 374GwJbseNGiJhq0CAASXqdZa7QDizzlHu1dM-eRSRk1 || 0
2018-09-14 00:10:12,994 [49] INFO WebApi.BCIconf.Helpers.TrackUser - Addting tracking: k5SaCPtrF2GyYXYwS-o8hqIx6Rpe_77Z9pRtKxlWNpg1 || 0
2018-09-14 00:10:25,949 [58] ERROR WebApi.BCIconf.Helpers.TrackUser - TRACK CHANGES: Login failed for user 'admaxtrator'.
2018-09-14 00:10:41,691 [49] ERROR WebApi.BCIconf.Helpers.TrackUser - TRACK CHANGES: Login failed for user 'admaxtrator'.
2018-09-14 00:30:01,904 [58] INFO WebApi.BCIconf.Helpers.TrackUser - Addting tracking: GB8hYVxaUsCOOypscCCWr_GpX5fxAXNXErbM5fvQSTU1 || 0
2018-09-14 00:30:18,068 [58] ERROR WebApi.BCIconf.Helpers.TrackUser - TRACK CHANGES: Login failed for user 'admaxtrator'.
2018-09-14 00:51:54,566 [26] INFO WebApi.BCIconf.Helpers.TrackUser - Addting tracking: GjVISbsESKC1suQeVmYPwdQHVcnCI1y1qpO63ZuLz2I1 || 0
2018-09-14 00:52:10,378 [26] ERROR WebApi.BCIconf.Helpers.TrackUser - TRACK CHANGES: Login failed for user 'admaxtrator'.
2018-09-14 01:00:07,148 [37] INFO WebApi.BCIconf.Helpers.TrackUser - Addting tracking: qFqsb6kyE200voAJj1k7lc0rbvCOts9HQr6G83rcF0A1 || 0
2018-09-14 01:00:24,782 [37] ERROR WebApi.BCIconf.Helpers.TrackUser - TRACK CHANGES: Login failed for user 'admaxtrator'.
2018-09-14 01:11:05,372 [9] INFO WebApi.BCIconf.Helpers.TrackUser - Addting tracking: 0qu39HB5wC-a0F_b5kHl5lfG8y2f4U5AI49ufKiGZqk1 || 0
2018-09-14 01:11:14,942 [20] INFO WebApi.BCIconf.Helpers.TrackUser - Addting tracking: 9SpsVvDwIYsqYOXSho1rv8k6pXjPgtG6Ok0FWLIWu7k1 || 0
2018-09-14 01:11:19,789 [26] INFO WebApi.BCIconf.Helpers.TrackUser - Addting tracking: HBj-CixmC5Qz64hopKpF5nvRPNDjGLvryV25cTHH32M1 || 0
2018-09-14 01:11:21,360 [9] ERROR WebApi.BCIconf.Helpers.TrackUser - TRACK CHANGES: Login failed for user 'admaxtrator'.
2018-09-14 01:11:37,191 [20] ERROR WebApi.BCIconf.Helpers.TrackUser - TRACK CHANGES: Login failed for user 'admaxtrator'.
2018-09-14 01:11:44,756 [34] INFO WebApi.BCIconf.Helpers.TrackUser - Addting tracking: rAJ2Kf8zoIEwiNGcv6-0pcCPgTiIIZEEN02WejJVNBE1 || 0
2018-09-14 01:11:53,130 [26] ERROR WebApi.BCIconf.Helpers.TrackUser - TRACK CHANGES: Login failed for user 'admaxtrator'.
2018-09-14 01:12:08,989 [34] ERROR WebApi.BCIconf.Helpers.TrackUser - TRACK CHANGES: Login failed for user 'admaxtrator'.
2018-09-14 01:17:46,330 [37] INFO WebApi.BCIconf.Helpers.TrackUser - Addting tracking: OKDnF4jabeijM86l349Y7tUN5IN2Mvbd6ImUVchEG141 || 0
2018-09-14 01:18:02,217 [37] ERROR WebApi.BCIconf.Helpers.TrackUser - TRACK CHANGES: Login failed for user 'admaxtrator'.
2018-09-14 01:18:49,985 [26] INFO WebApi.BCIconf.Helpers.TrackUser - Addting tracking: fnodd1n0ZCz6nAY3HY0GTwqEEzyiOEodnbXTary6uo01 || 0
2018-09-14 01:19:06,061 [26] ERROR WebApi.BCIconf.Helpers.TrackUser - TRACK CHANGES: Login failed for user 'admaxtrator'.
2018-09-14 01:21:42,149 [37] INFO WebApi.BCIconf.Helpers.TrackUser - Addting tracking: 5Yy0DXjod04xWQbVbXjOQes7S6CwwK0f-kPTYbGufug1 || 0
2018-09-14 01:21:57,982 [37] ERROR WebApi.BCIconf.Helpers.TrackUser - TRACK CHANGES: Login failed for user 'admaxtrator'.
2018-09-14 01:24:08,065 [26] INFO WebApi.BCIconf.Helpers.TrackUser - Addting tracking: csWCCUID-fn9o25fin87oTEahDvJSjiafe3dvijhOr01 || 0
2018-09-14 01:24:23,893 [26] ERROR WebApi.BCIconf.Helpers.TrackUser - TRACK CHANGES: Login failed for user 'admaxtrator'.
2018-09-14 02:56:42,150 [26] INFO WebApi.BCIconf.Helpers.TrackUser - Addting tracking: ZUrQmBN2dM4wnLo8ZxzYj9msb3VjM5wOUqrwam0ZHHc1 || 0
2018-09-14 02:56:42,747 [35] INFO WebApi.BCIconf.Helpers.TrackUser - Addting tracking: WJH-3bzCaQBCDPUcdVP6BGHRESJcjQA7aunw2lQxQso1 || 0
2018-09-14 02:56:58,073 [26] ERROR WebApi.BCIconf.Helpers.TrackUser - TRACK CHANGES: Login failed for user 'admaxtrator'.
2018-09-14 02:57:14,150 [35] ERROR WebApi.BCIconf.Helpers.TrackUser - TRACK CHANGES: Login failed for user 'admaxtrator'.
2018-09-14 02:58:11,632 [5] INFO WebApi.BCIconf.Helpers.TrackUser - Addting tracking: 9I6PP5P81SJZxadH24vJ8dudfhpf0lhtM5OkhSWwE9k1 || 0
2018-09-14 02:58:20,565 [26] INFO WebApi.BCIconf.Helpers.TrackUser - Addting tracking: 3K8Uj-GcWIvt7Uc-Dab-XBkre231xKLR4C6xmlxb3D81 || 0
2018-09-14 02:58:29,352 [5] ERROR WebApi.BCIconf.Helpers.TrackUser - TRACK CHANGES: Login failed for user 'admaxtrator'.
2018-09-14 02:58:47,506 [26] ERROR WebApi.BCIconf.Helpers.TrackUser - TRACK CHANGES: Login failed for user 'admaxtrator'.
2018-09-14 03:49:24,312 [37] INFO WebApi.BCIconf.Helpers.TrackUser - Addting tracking: DJeH1A1UCHfw0_xhANT31GnWUMs2CHXiof8pQcHzDQk1 || 0
2018-09-14 03:49:38,389 [35] INFO WebApi.BCIconf.Helpers.TrackUser - Addting tracking: VlUP2Y-xoWXZ7zzjKb3IAHOx72gvvLufLeCgj2iQX5A1 || 0
2018-09-14 03:49:40,434 [37] ERROR WebApi.BCIconf.Helpers.TrackUser - TRACK CHANGES: Login failed for user 'admaxtrator'.
2018-09-14 03:49:42,903 [37] INFO WebApi.BCIconf.Helpers.TrackUser - Addting tracking: ENFBqfGZFNdjyDLat5kHwXgFnpMhBjOC3nGZD7A598o1 || 0
2018-09-14 03:49:52,954 [77] INFO WebApi.BCIconf.Helpers.TrackUser - Addting tracking: 59znDRSN-mlQ8r5hLSPLkaHgy2E5OkYzDYBT4aBl_Sg1 || 0
2018-09-14 03:49:56,682 [35] ERROR WebApi.BCIconf.Helpers.TrackUser - TRACK CHANGES: Login failed for user 'admaxtrator'.
2018-09-14 03:50:01,188 [35] INFO WebApi.BCIconf.Helpers.TrackUser - Addting tracking: BaukmRY0DKtfaAij8VsLyYv7s7uWf2nnU-tKvq4r2lU1 || 0
2018-09-14 03:50:09,269 [12] INFO WebApi.BCIconf.Helpers.TrackUser - Addting tracking: Ox3t58dfGkMOsLeA1fcwsfR6mN_YYGdTa6k5nG8O5dw1 || 0
2018-09-14 03:50:13,684 [37] ERROR WebApi.BCIconf.Helpers.TrackUser - TRACK CHANGES: Login failed for user 'admaxtrator'.
2018-09-14 03:50:23,922 [37] INFO WebApi.BCIconf.Helpers.TrackUser - Addting tracking: l2x-Q-HrUotd5QyCSWNPMjXd8n3JABXuC7RcMPFl_dY1 || 0
2018-09-14 03:50:29,763 [77] ERROR WebApi.BCIconf.Helpers.TrackUser - TRACK CHANGES: Login failed for user 'admaxtrator'.
2018-09-14 03:50:30,715 [10] INFO WebApi.BCIconf.Helpers.TrackUser - Addting tracking: JhKGwWSslnWWvSQFR-f_jweCcWq3Kzpe0-Hl8tuD5Ic1 || 0
2018-09-14 03:50:42,474 [77] INFO WebApi.BCIconf.Helpers.TrackUser - Addting tracking: 05wf4_tp9gprJ4J15lpiiS8AAlQvX4kQt1t-6C669QA1 || 0
2018-09-14 03:50:45,651 [35] ERROR WebApi.BCIconf.Helpers.TrackUser - TRACK CHANGES: Login failed for user 'admaxtrator'.
2018-09-14 03:51:01,636 [12] ERROR WebApi.BCIconf.Helpers.TrackUser - TRACK CHANGES: Login failed for user 'admaxtrator'.
2018-09-14 03:51:19,153 [37] ERROR WebApi.BCIconf.Helpers.TrackUser - TRACK CHANGES: Login failed for user 'admaxtrator'.
2018-09-14 03:51:40,246 [10] ERROR WebApi.BCIconf.Helpers.TrackUser - TRACK CHANGES: Login failed for user 'admaxtrator'.
2018-09-14 03:51:56,240 [77] ERROR WebApi.BCIconf.Helpers.TrackUser - TRACK CHANGES: Login failed for user 'admaxtrator'.
2018-09-14 03:53:10,306 [77] INFO WebApi.BCIconf.Helpers.TrackUser - Addting tracking: AVwkb35oqwIUWcAhnRc-SJgtlh2B88-dp-OFYPs46bI1 || 0
2018-09-14 03:53:28,136 [77] ERROR WebApi.BCIconf.Helpers.TrackUser - TRACK CHANGES: Login failed for user 'admaxtrator'.
2018-09-14 03:53:31,922 [77] INFO WebApi.BCIconf.Helpers.TrackUser - Addting tracking: ADnZBDIeum2GWa5tQNMp5Uj1y4BzoFhXSEjZ_8IT7wo1 || 0
2018-09-14 03:53:47,698 [77] ERROR WebApi.BCIconf.Helpers.TrackUser - TRACK CHANGES: Login failed for user 'admaxtrator'.
2018-09-14 03:53:49,869 [41] INFO WebApi.BCIconf.Helpers.TrackUser - Addting tracking: LuHZ7TwRIJUnmDB836ZtS_FwmA24IADzk8ZASdN40Ec1 || 0
2018-09-14 03:54:02,756 [62] INFO WebApi.BCIconf.Helpers.TrackUser - Addting tracking: jWqohWjhrSpnVCpJzckj10yWLQnIXrG7-EgJDsRAL_41 || 0
2018-09-14 03:54:08,030 [41] ERROR WebApi.BCIconf.Helpers.TrackUser - TRACK CHANGES: Login failed for user 'admaxtrator'.
2018-09-14 03:54:11,100 [41] INFO WebApi.BCIconf.Helpers.TrackUser - Addting tracking: 3x4_ieEzM_rwARHLbh30eUnKB27lI5cbEQvA9QCFVqo1 || 0
2018-09-14 03:54:22,079 [20] INFO WebApi.BCIconf.Helpers.TrackUser - Addting tracking: rqr59bOFwQlR_qcMN1NUeFip5VgrSL8fGCksVXEK4Xo1 || 0
2018-09-14 03:54:23,874 [62] ERROR WebApi.BCIconf.Helpers.TrackUser - TRACK CHANGES: Login failed for user 'admaxtrator'.
2018-09-14 03:54:30,122 [62] INFO WebApi.BCIconf.Helpers.TrackUser - Addting tracking: wVIh5M43wk4iO91U97M48QBd2mPR5fwJgpbFRAHe2Cg1 || 0
2018-09-14 03:54:39,782 [41] ERROR WebApi.BCIconf.Helpers.TrackUser - TRACK CHANGES: Login failed for user 'admaxtrator'.
2018-09-14 03:54:55,579 [20] ERROR WebApi.BCIconf.Helpers.TrackUser - TRACK CHANGES: Login failed for user 'admaxtrator'.
2018-09-14 03:55:11,355 [62] ERROR WebApi.BCIconf.Helpers.TrackUser - TRACK CHANGES: Login failed for user 'admaxtrator'.
2018-09-14 03:56:18,701 [26] INFO WebApi.BCIconf.Helpers.TrackUser - Addting tracking: -FFhQBEqFBpPVsI0s1NvnZBhVFeag_zzBx3987q-EtY1 || 0
2018-09-14 03:56:34,535 [26] ERROR WebApi.BCIconf.Helpers.TrackUser - TRACK CHANGES: Login failed for user 'admaxtrator'.
2018-09-14 03:56:50,662 [62] INFO WebApi.BCIconf.Helpers.TrackUser - Addting tracking: jEuVhkvXVdvBtMMm0cfFzOvkfcicSkIgSkSBAlRDKrw1 || 0
2018-09-14 03:57:06,545 [62] ERROR WebApi.BCIconf.Helpers.TrackUser - TRACK CHANGES: Login failed for user 'admaxtrator'.
2018-09-14 03:57:11,798 [62] INFO WebApi.BCIconf.Helpers.TrackUser - Addting tracking: cM0LEtp0UlfiOTRfRDrfFEuRXxNvpjCiQIrisuNmCj81 || 0
2018-09-14 03:57:27,338 [20] INFO WebApi.BCIconf.Helpers.TrackUser - Addting tracking: _I9_xH44D3TLqJQirg2_EfLHFcByhvdZG_wwQbFrpec1 || 0
2018-09-14 03:57:27,585 [62] ERROR WebApi.BCIconf.Helpers.TrackUser - TRACK CHANGES: Login failed for user 'admaxtrator'.
2018-09-14 03:57:37,489 [62] INFO WebApi.BCIconf.Helpers.TrackUser - Addting tracking: IxC7h2Xr_nUuUY87atJ5MWHgmElJClmwlht9ES82Sd01 || 0
2018-09-14 03:57:43,917 [41] INFO WebApi.BCIconf.Helpers.TrackUser - Addting tracking: zwxo_STS7oIk5_C2bX_YpihjQTyIq4pxwtjdCwfRtAw1 || 0
2018-09-14 03:57:44,243 [20] ERROR WebApi.BCIconf.Helpers.TrackUser - TRACK CHANGES: Login failed for user 'admaxtrator'.
2018-09-14 03:58:01,140 [62] ERROR WebApi.BCIconf.Helpers.TrackUser - TRACK CHANGES: Login failed for user 'admaxtrator'.
2018-09-14 03:58:16,978 [41] ERROR WebApi.BCIconf.Helpers.TrackUser - TRACK CHANGES: Login failed for user 'admaxtrator'.
2018-09-14 03:59:01,988 [39] INFO WebApi.BCIconf.Helpers.TrackUser - Addting tracking: tHCiZi5y6oiBpiRRDeCOkOf1jE0VAZuTCHiOemj67Vg1 || 0
2018-09-14 03:59:18,025 [39] ERROR WebApi.BCIconf.Helpers.TrackUser - TRACK CHANGES: Login failed for user 'admaxtrator'.
2018-09-14 03:59:19,322 [20] INFO WebApi.BCIconf.Helpers.TrackUser - Addting tracking: hm_NnBJj3gw_PC70dOFWyhpyaS_BpQTkKxcD4EuZZBo1 || 0
2018-09-14 03:59:26,923 [39] INFO WebApi.BCIconf.Helpers.TrackUser - Addting tracking: PuJDuFxjZDfXrWj8VUAXlEVN1JwWt6hsgv6SNpK8m-w1 || 0
2018-09-14 03:59:32,332 [41] INFO WebApi.BCIconf.Helpers.TrackUser - Addting tracking: iU0--f-pSsj6oCVDVKqeKXhNuday-zDSJJBjt0htI1M1 || 0
2018-09-14 03:59:36,698 [20] ERROR WebApi.BCIconf.Helpers.TrackUser - TRACK CHANGES: Login failed for user 'admaxtrator'.
2018-09-14 03:59:52,694 [39] ERROR WebApi.BCIconf.Helpers.TrackUser - TRACK CHANGES: Login failed for user 'admaxtrator'.
2018-09-14 04:00:08,696 [41] ERROR WebApi.BCIconf.Helpers.TrackUser - TRACK CHANGES: Login failed for user 'admaxtrator'.
2018-09-14 04:00:16,817 [41] INFO WebApi.BCIconf.Helpers.TrackUser - Addting tracking: 4tP65vmmN_CoKk8XF0eAJOqlgsog-l0R7x1aDgRiHBA1 || 0
2018-09-14 04:00:28,310 [26] INFO WebApi.BCIconf.Helpers.TrackUser - Addting tracking: E-_AZa_cn4i2b1x-kzd6h8S82GSzk2iiKFmWuFxQbaE1 || 0
2018-09-14 04:00:34,435 [41] ERROR WebApi.BCIconf.Helpers.TrackUser - TRACK CHANGES: Login failed for user 'admaxtrator'.
2018-09-14 04:00:36,036 [39] INFO WebApi.BCIconf.Helpers.TrackUser - Addting tracking: mLIuXRE-oEfRdkJEYRasKlxhnex-bouVxNVvzDwvmuI1 || 0
2018-09-14 04:00:48,222 [20] INFO WebApi.BCIconf.Helpers.TrackUser - Addting tracking: Wg_7RpFzaSpU9kCf4-hMkRWUfTe5uEUt2QI-5u0FDVk1 || 0
2018-09-14 04:00:52,180 [26] ERROR WebApi.BCIconf.Helpers.TrackUser - TRACK CHANGES: Login failed for user 'admaxtrator'.
2018-09-14 04:01:01,574 [41] INFO WebApi.BCIconf.Helpers.TrackUser - Addting tracking: 7I9rLYEALU2Iq1b0fbZdYo89ie8D7AQpbBBn3YIfK-81 || 0
2018-09-14 04:01:08,103 [39] ERROR WebApi.BCIconf.Helpers.TrackUser - TRACK CHANGES: Login failed for user 'admaxtrator'.
2018-09-14 04:01:15,611 [26] INFO WebApi.BCIconf.Helpers.TrackUser - Addting tracking: BOs0agY-ScdXbBSqiGubBv9_IH1oAVZGqkcOaAAlinc1 || 0
2018-09-14 04:01:29,169 [62] INFO WebApi.BCIconf.Helpers.TrackUser - Addting tracking: EeRHPObHJ3CvzmOTyuey-7ZCRfoJK_fh22tEQhkrZlQ1 || 0
2018-09-14 04:01:45,307 [39] INFO WebApi.BCIconf.Helpers.TrackUser - Addting tracking: HbpgmGP3OZmQF5t3Z750CGxiXrnnwNvvF7nwoeM87jw1 || 0
2018-09-14 04:01:49,468 [20] ERROR WebApi.BCIconf.Helpers.TrackUser - TRACK CHANGES: Login failed for user 'admaxtrator'.
2018-09-14 04:02:05,540 [41] ERROR WebApi.BCIconf.Helpers.TrackUser - TRACK CHANGES: Login failed for user 'admaxtrator'.
2018-09-14 04:02:15,690 [72] INFO WebApi.BCIconf.Helpers.TrackUser - Addting tracking: cQmaOqB1zQE2OYcvrBPwgf243BPkyRaFXH5ELQLl5FU1 || 0
2018-09-14 04:02:33,872 [26] ERROR WebApi.BCIconf.Helpers.TrackUser - TRACK CHANGES: Login failed for user 'admaxtrator'.
2018-09-14 04:02:37,653 [41] INFO WebApi.BCIconf.Helpers.TrackUser - Addting tracking: yZXeB-LwTMkVU6pdwWrO5oQfFgEKAMHSk1uLEDGIMdg1 || 0
2018-09-14 04:02:50,403 [62] ERROR WebApi.BCIconf.Helpers.TrackUser - TRACK CHANGES: Login failed for user 'admaxtrator'.
2018-09-14 04:03:01,367 [62] INFO WebApi.BCIconf.Helpers.TrackUser - Addting tracking: CIVZudEoIVGjyijk2mxZ56Q4NNyAyky9dYBTKYaZLKw1 || 0
2018-09-14 04:03:06,483 [39] ERROR WebApi.BCIconf.Helpers.TrackUser - TRACK CHANGES: Login failed for user 'admaxtrator'.
2018-09-14 04:03:14,589 [39] INFO WebApi.BCIconf.Helpers.TrackUser - Addting tracking: 3XUIP-V42J5vsrr6IXhD8xPVlQrQBA15reO6HMmj_fA1 || 0
2018-09-14 04:03:27,942 [72] ERROR WebApi.BCIconf.Helpers.TrackUser - TRACK CHANGES: Login failed for user 'admaxtrator'.
2018-09-14 04:03:43,804 [41] ERROR WebApi.BCIconf.Helpers.TrackUser - TRACK CHANGES: Login failed for user 'admaxtrator'.
2018-09-14 04:03:59,633 [62] ERROR WebApi.BCIconf.Helpers.TrackUser - TRACK CHANGES: Login failed for user 'admaxtrator'.
2018-09-14 04:04:15,486 [39] ERROR WebApi.BCIconf.Helpers.TrackUser - TRACK CHANGES: Login failed for user 'admaxtrator'.
2018-09-14 04:16:45,880 [35] INFO WebApi.BCIconf.Helpers.TrackUser - Addting tracking: cRDh_0foLghCW2mRAC6z4PldRDdmF7vOvxIDMXj7F2A1 || 0
2018-09-14 04:17:01,744 [35] ERROR WebApi.BCIconf.Helpers.TrackUser - TRACK CHANGES: Login failed for user 'admaxtrator'.
2018-09-14 04:17:16,258 [77] INFO WebApi.BCIconf.Helpers.TrackUser - Addting tracking: sMPKZJy1BmHXTPD92FXjaqKl9fLtH8FmsGoKmUR67hU1 || 0
2018-09-14 04:17:32,449 [77] ERROR WebApi.BCIconf.Helpers.TrackUser - TRACK CHANGES: Login failed for user 'admaxtrator'.
2018-09-14 04:17:47,027 [35] INFO WebApi.BCIconf.Helpers.TrackUser - Addting tracking: NONTIYRQZPRWEDmbWORON15BPzzPD108xermRTXP64s1 || 0
2018-09-14 04:18:03,062 [35] ERROR WebApi.BCIconf.Helpers.TrackUser - TRACK CHANGES: Login failed for user 'admaxtrator'.
2018-09-14 04:20:57,889 [82] INFO WebApi.BCIconf.Helpers.TrackUser - Addting tracking: zGDFwheBAGdSZe6lGBjeeppCBWq_PW8zwL48VtNiNb41 || 0
2018-09-14 04:21:15,009 [82] ERROR WebApi.BCIconf.Helpers.TrackUser - TRACK CHANGES: Login failed for user 'admaxtrator'.
2018-09-14 04:21:53,540 [39] INFO WebApi.BCIconf.Helpers.TrackUser - Addting tracking: PHPjNsjWCXOZAIpebBC6c1Vk_O_zKo7NcYEtjUDaJyk1 || 0
2018-09-14 04:22:11,300 [39] ERROR WebApi.BCIconf.Helpers.TrackUser - TRACK CHANGES: Login failed for user 'admaxtrator'.
2018-09-14 04:27:59,028 [82] INFO WebApi.BCIconf.Helpers.TrackUser - Addting tracking: P5r0dOpuksqERReYHtuZHp3tDt9axlkQAVTcOKrzLFc1 || 0
2018-09-14 04:28:14,993 [82] ERROR WebApi.BCIconf.Helpers.TrackUser - TRACK CHANGES: Login failed for user 'admaxtrator'.
2018-09-14 04:28:18,425 [82] INFO WebApi.BCIconf.Helpers.TrackUser - Addting tracking: 3CUgPAAR1SQgG2Ly51Gkbq5Pv-e40oNnWmbQKOIPB2A1 || 0
2018-09-14 04:28:34,292 [82] ERROR WebApi.BCIconf.Helpers.TrackUser - TRACK CHANGES: Login failed for user 'admaxtrator'.
2018-09-14 04:29:04,385 [35] INFO WebApi.BCIconf.Helpers.TrackUser - Addting tracking: olnqVGi7HcMypD5xGurXGXw2tcIad2WN4OTK_QKBdyE1 || 0
2018-09-14 04:29:20,231 [35] ERROR WebApi.BCIconf.Helpers.TrackUser - TRACK CHANGES: Login failed for user 'admaxtrator'.
2018-09-14 04:33:10,668 [39] INFO WebApi.BCIconf.Helpers.TrackUser - Addting tracking: sslygylkeeFj2g5qLHLQK3XJBf98DmnCk9TgFw2_qb81 || 0
2018-09-14 04:33:26,527 [39] ERROR WebApi.BCIconf.Helpers.TrackUser - TRACK CHANGES: Login failed for user 'admaxtrator'.
2018-09-14 04:34:15,383 [35] INFO WebApi.BCIconf.Helpers.TrackUser - Addting tracking: ucpsw8zuywnovqHAbp0CNa2SZjlLiaUYq2I041tzl-81 || 0
2018-09-14 04:34:36,940 [35] ERROR WebApi.BCIconf.Helpers.TrackUser - TRACK CHANGES: Login failed for user 'admaxtrator'.
2018-09-14 04:38:26,911 [82] INFO WebApi.BCIconf.Helpers.TrackUser - Addting tracking: hVATjiRVhmIuxf7BXt81-a0X43imMN5iHZ5t_BR2o0M1 || 0
2018-09-14 04:38:42,725 [82] ERROR WebApi.BCIconf.Helpers.TrackUser - TRACK CHANGES: Login failed for user 'admaxtrator'.
2018-09-14 04:39:06,654 [39] INFO WebApi.BCIconf.Helpers.TrackUser - Addting tracking: SVT5suMTMhHvoDbzC6EimMBiVY9efDvpKXGyqV_sWZI1 || 0
2018-09-14 04:39:22,618 [39] ERROR WebApi.BCIconf.Helpers.TrackUser - TRACK CHANGES: Login failed for user 'admaxtrator'.
2018-09-14 04:39:53,092 [35] INFO WebApi.BCIconf.Helpers.TrackUser - Addting tracking: cSxyACuRjwtOLlNsFELHipd-0-vdmcO_7gKfYWZYe4g1 || 0
2018-09-14 04:40:08,316 [82] INFO WebApi.BCIconf.Helpers.TrackUser - Addting tracking: JTZ4onETqPD81I4Lze1KvXB7gdxLnGTZNI9pjHzyMJw1 || 0
2018-09-14 04:40:12,563 [35] ERROR WebApi.BCIconf.Helpers.TrackUser - TRACK CHANGES: Login failed for user 'admaxtrator'.
2018-09-14 04:40:13,188 [41] INFO WebApi.BCIconf.Helpers.TrackUser - Addting tracking: rpI01NwokN3cs9sy5xzRjoi7Bfn1JCj9sLfJKzMx_iw1 || 0
2018-09-14 04:40:16,477 [18] INFO WebApi.BCIconf.Helpers.TrackUser - Addting tracking: lNhtWWKO9iROo5vNTPIU7_p2sQBZE3TCAx_Y4P3aUvI1 || 0
2018-09-14 04:40:28,639 [82] ERROR WebApi.BCIconf.Helpers.TrackUser - TRACK CHANGES: Login failed for user 'admaxtrator'.
2018-09-14 04:40:33,745 [82] INFO WebApi.BCIconf.Helpers.TrackUser - Addting tracking: BbgBE7zXl9pXspNVVLO7pfXvRC7fGzqh8Jc8A0qra081 || 0
2018-09-14 04:40:37,902 [35] INFO WebApi.BCIconf.Helpers.TrackUser - Addting tracking: DC87G_P-5V7aGuUk4sIO2TRSbD9_mZfeYJxh6BDfLVo1 || 0
2018-09-14 04:40:44,635 [41] ERROR WebApi.BCIconf.Helpers.TrackUser - TRACK CHANGES: Login failed for user 'admaxtrator'.
2018-09-14 04:41:00,426 [18] ERROR WebApi.BCIconf.Helpers.TrackUser - TRACK CHANGES: Login failed for user 'admaxtrator'.
2018-09-14 04:41:16,186 [82] ERROR WebApi.BCIconf.Helpers.TrackUser - TRACK CHANGES: Login failed for user 'admaxtrator'.
2018-09-14 04:41:32,042 [35] ERROR WebApi.BCIconf.Helpers.TrackUser - TRACK CHANGES: Login failed for user 'admaxtrator'.
2018-09-14 04:52:39,065 [39] INFO WebApi.BCIconf.Helpers.TrackUser - Addting tracking: hVcUGh5dn3yGWQ6v_V8GgDg6M76RhKFkAHycYByigfU1 || 0
2018-09-14 04:52:54,925 [39] ERROR WebApi.BCIconf.Helpers.TrackUser - TRACK CHANGES: Login failed for user 'admaxtrator'.
2018-09-14 05:19:01,830 [82] INFO WebApi.BCIconf.Helpers.TrackUser - Addting tracking: 92kVGhDpGPI0w6C8DtWvRpnnpSMRXA40Izchpp-V0j81 || 0
2018-09-14 05:19:17,842 [82] ERROR WebApi.BCIconf.Helpers.TrackUser - TRACK CHANGES: Login failed for user 'admaxtrator'.
2018-09-14 05:48:19,695 [12] INFO WebApi.BCIconf.Helpers.TrackUser - Addting tracking: _E8tzOE_D1vU8bh_SLHLrxxUZgPmgwfdBB1xUm1uF1o1 || 0
2018-09-14 05:48:35,791 [12] ERROR WebApi.BCIconf.Helpers.TrackUser - TRACK CHANGES: Login failed for user 'admaxtrator'.
2018-09-14 06:39:56,938 [12] INFO WebApi.BCIconf.Helpers.TrackUser - Addting tracking: HNk__W26EU958_1Rm85efo6PUddc5j5nNyNOMf8u0kk1 || 0
2018-09-14 06:40:12,914 [12] ERROR WebApi.BCIconf.Helpers.TrackUser - TRACK CHANGES: Login failed for user 'admaxtrator'.
2018-09-14 06:40:55,481 [69] INFO WebApi.BCIconf.Helpers.TrackUser - Addting tracking: FL1qU6qeqmxXVQTU4Rz7NZSLlP2wpWlJIboA-sjmpnU1 || 0
2018-09-14 06:41:05,888 [62] INFO WebApi.BCIconf.Helpers.TrackUser - Addting tracking: wpFFJwgr0ZKC5iZtE2rjZTkFS5jPva_5luLUOzBIYSo1 || 0
2018-09-14 06:41:28,428 [69] ERROR WebApi.BCIconf.Helpers.TrackUser - TRACK CHANGES: Login failed for user 'admaxtrator'.
2018-09-14 06:41:50,202 [62] ERROR WebApi.BCIconf.Helpers.TrackUser - TRACK CHANGES: Login failed for user 'admaxtrator'.
2018-09-14 07:40:35,872 [17] INFO WebApi.BCIconf.Helpers.TrackUser - Addting tracking: tIbM3Y4krvMbikk63RXOoVAszOMamx2PA5-2C-JAons1 || 0
2018-09-14 07:40:51,748 [17] ERROR WebApi.BCIconf.Helpers.TrackUser - TRACK CHANGES: Login failed for user 'admaxtrator'.
2018-09-14 07:44:17,709 [17] INFO WebApi.BCIconf.Helpers.TrackUser - Addting tracking: kgtmyXHXGAb--FoZOTJXcH48SGdB443neOeEMOz4mzQ1 || 0
2018-09-14 07:44:33,548 [17] ERROR WebApi.BCIconf.Helpers.TrackUser - TRACK CHANGES: Login failed for user 'admaxtrator'.
2018-09-14 07:49:35,262 [17] INFO WebApi.BCIconf.Helpers.TrackUser - Addting tracking: TkDWkhUeDNtKgLxVg4Ki0c5_cQHhSIsUyEdT_HOtIy81 || 0
2018-09-14 07:49:51,156 [17] ERROR WebApi.BCIconf.Helpers.TrackUser - TRACK CHANGES: Login failed for user 'admaxtrator'.
2018-09-14 09:02:24,504 [39] INFO WebApi.BCIconf.Helpers.TrackUser - Addting tracking: spq7VE3vw2p4IcwyWJPxpmRnTAD6WAAGIGxZD1a7EoU1 || 0
2018-09-14 09:02:40,460 [39] ERROR WebApi.BCIconf.Helpers.TrackUser - TRACK CHANGES: Login failed for user 'admaxtrator'.
2018-09-14 09:41:59,773 [39] INFO WebApi.BCIconf.Helpers.TrackUser - Addting tracking: S7Gs2lGR2B0wIgLcXEk9c26tXiZgjXznAjAbmDMdgU41 || 0
2018-09-14 09:42:15,584 [39] ERROR WebApi.BCIconf.Helpers.TrackUser - TRACK CHANGES: Login failed for user 'admaxtrator'.
2018-09-14 10:33:18,461 [41] INFO WebApi.BCIconf.Helpers.TrackUser - Addting tracking: IOueGr0nuvWpjWoZAgm4Eh8TeOqMrwWX6zxg3mG7CJU1 || 0
2018-09-14 10:33:34,351 [41] ERROR WebApi.BCIconf.Helpers.TrackUser - TRACK CHANGES: Login failed for user 'admaxtrator'.
2018-09-14 10:33:42,806 [41] INFO WebApi.BCIconf.Helpers.TrackUser - Addting tracking: lRV7nxvgRQtKx6xFuB7TCilOzMT-RcOxsGhIWeroquw1 || 0
2018-09-14 10:33:58,636 [41] ERROR WebApi.BCIconf.Helpers.TrackUser - TRACK CHANGES: Login failed for user 'admaxtrator'.
2018-09-14 10:50:38,250 [35] INFO WebApi.BCIconf.Helpers.TrackUser - Addting tracking: UP1geGoqQWESuzAoVMjZfPk8unWMCneMuhe8my5QPTc1 || 0
2018-09-14 10:50:55,198 [35] ERROR WebApi.BCIconf.Helpers.TrackUser - TRACK CHANGES: Login failed for user 'admaxtrator'.
2018-09-14 11:00:24,619 [41] INFO WebApi.BCIconf.Helpers.TrackUser - Addting tracking: yIw25X6Lq2plpQNl0xDujpzXQ5N5ZIaFjgTGoJJ7q3I1 || 0
2018-09-14 11:00:40,694 [41] ERROR WebApi.BCIconf.Helpers.TrackUser - TRACK CHANGES: Login failed for user 'admaxtrator'.
2018-09-14 11:14:55,429 [41] INFO WebApi.BCIconf.Helpers.TrackUser - Addting tracking: Pu6zdkoWFwcFYhbrb-IPOk4I-IOGsRCONGwwB53HMO01 || 0
2018-09-14 11:15:11,509 [41] ERROR WebApi.BCIconf.Helpers.TrackUser - TRACK CHANGES: Login failed for user 'admaxtrator'.
2018-09-14 11:27:50,934 [10] INFO WebApi.BCIconf.Helpers.TrackUser - Addting tracking: PUiJR0-QlXgfOFEOWblpQnk3FOG3OHX-id0y7EK3JX01 || 0
2018-09-14 11:28:06,776 [10] ERROR WebApi.BCIconf.Helpers.TrackUser - TRACK CHANGES: Login failed for user 'admaxtrator'.
2018-09-14 11:44:55,723 [41] INFO WebApi.BCIconf.Helpers.TrackUser - Addting tracking: g94EqWECV5p3tm2N2mArH9sZ1jX7_2cON1U1YclojEE1 || 0
2018-09-14 11:45:11,642 [41] ERROR WebApi.BCIconf.Helpers.TrackUser - TRACK CHANGES: Login failed for user 'admaxtrator'.
2018-09-14 12:07:45,808 [77] INFO WebApi.BCIconf.Helpers.TrackUser - Addting tracking: jPgbEiJCZCHmRXyVbtVJl6jlwlZXnUvYh5q7wzQplg41 || 0
2018-09-14 12:08:02,173 [77] ERROR WebApi.BCIconf.Helpers.TrackUser - TRACK CHANGES: Login failed for user 'admaxtrator'.
2018-09-14 12:12:55,620 [77] INFO WebApi.BCIconf.Helpers.TrackUser - Addting tracking: 8wwHWVmRop3e3L592Y4ISPK7M3bhUkhMpbzg89p-hxM1 || 0
2018-09-14 12:13:01,148 [39] INFO WebApi.BCIconf.Helpers.TrackUser - Addting tracking: XnmXVcmdeQ7NNBCBAk1Dqx-dCVPQUDBIOUE7vkUq0nw1 || 0
2018-09-14 12:13:12,994 [78] INFO WebApi.BCIconf.Helpers.TrackUser - Addting tracking: 7O_zoeq-Q3HQoVu8HVef-IH5R8fuCOR27c7lZMXY9DI1 || 0
2018-09-14 12:13:18,455 [77] ERROR WebApi.BCIconf.Helpers.TrackUser - TRACK CHANGES: Login failed for user 'admaxtrator'.
2018-09-14 12:13:27,876 [77] INFO WebApi.BCIconf.Helpers.TrackUser - Addting tracking: XwgClOVMB9nR6Zjl5B30pLQcCzvPKPmabCEKbJqo3lQ1 || 0
2018-09-14 12:13:35,147 [39] ERROR WebApi.BCIconf.Helpers.TrackUser - TRACK CHANGES: Login failed for user 'admaxtrator'.
2018-09-14 12:13:46,382 [39] INFO WebApi.BCIconf.Helpers.TrackUser - Addting tracking: 88zozjw1ZuXm50cKdpNamh1D3EIRAHMFCFHV2TiOE6E1 || 0
2018-09-14 12:13:51,614 [78] ERROR WebApi.BCIconf.Helpers.TrackUser - TRACK CHANGES: Login failed for user 'admaxtrator'.
2018-09-14 12:13:51,896 [78] INFO WebApi.BCIconf.Helpers.TrackUser - Addting tracking: uZcUus9rq91igE2YFEQ7HNlLYaLgwVhuB8_YgP_d0V01 || 0
2018-09-14 12:14:07,579 [77] ERROR WebApi.BCIconf.Helpers.TrackUser - TRACK CHANGES: Login failed for user 'admaxtrator'.
2018-09-14 12:14:26,228 [39] ERROR WebApi.BCIconf.Helpers.TrackUser - TRACK CHANGES: Login failed for user 'admaxtrator'.
2018-09-14 12:14:43,084 [78] ERROR WebApi.BCIconf.Helpers.TrackUser - TRACK CHANGES: Login failed for user 'admaxtrator'.
2018-09-14 12:14:43,718 [77] INFO WebApi.BCIconf.Helpers.TrackUser - Addting tracking: JM_kdJZj3APXPUP9Dn220_fE9rqyynjPzTV1B_ygQ_k1 || 0
2018-09-14 12:15:00,644 [77] ERROR WebApi.BCIconf.Helpers.TrackUser - TRACK CHANGES: Login failed for user 'admaxtrator'.
2018-09-14 12:37:54,490 [78] INFO WebApi.BCIconf.Helpers.TrackUser - Addting tracking: VFkPeoiLB2qGW3627yrhuoO0DcMxKjBDLVKJhk9Tb0A1 || 0
2018-09-14 12:38:10,439 [78] ERROR WebApi.BCIconf.Helpers.TrackUser - TRACK CHANGES: Login failed for user 'admaxtrator'.
2018-09-14 12:55:55,979 [78] INFO WebApi.BCIconf.Helpers.TrackUser - Addting tracking: FsYK5jHvi9c_ZcE2M7Ew7JM257pVfCAqMPoxl3tMjR81 || 0
2018-09-14 12:56:11,844 [78] ERROR WebApi.BCIconf.Helpers.TrackUser - TRACK CHANGES: Login failed for user 'admaxtrator'.
2018-09-14 12:57:13,120 [77] INFO WebApi.BCIconf.Helpers.TrackUser - Addting tracking: iGhiwhPlrNcA78ARRp-EivVDnaza0yNzFCaDW2nF46g1 || 0
2018-09-14 12:57:29,033 [77] ERROR WebApi.BCIconf.Helpers.TrackUser - TRACK CHANGES: Login failed for user 'admaxtrator'.
2018-09-14 13:05:53,898 [77] INFO WebApi.BCIconf.Helpers.TrackUser - Addting tracking: gy8LyjVDH8vVe-EQwPAu0VJvWQOMVTQ6t6sg-2OGcC01 || 0
2018-09-14 13:06:11,287 [77] ERROR WebApi.BCIconf.Helpers.TrackUser - TRACK CHANGES: Login failed for user 'admaxtrator'.
2018-09-14 13:07:00,063 [77] INFO WebApi.BCIconf.Helpers.TrackUser - Addting tracking: mbXKuKXb3HBj__u9_kox_2wktgjH32smxN-VA4_sctk1 || 0
2018-09-14 13:07:15,860 [77] ERROR WebApi.BCIconf.Helpers.TrackUser - TRACK CHANGES: Login failed for user 'admaxtrator'.
2018-09-14 13:12:33,973 [17] INFO WebApi.BCIconf.Helpers.TrackUser - Addting tracking: p93cuO40nIBtuAfM1lm154rloN2zGqE29iEQDfrzZM81 || 0
2018-09-14 13:12:49,863 [17] ERROR WebApi.BCIconf.Helpers.TrackUser - TRACK CHANGES: Login failed for user 'admaxtrator'.
2018-09-14 13:23:22,001 [17] INFO WebApi.BCIconf.Helpers.TrackUser - Addting tracking: iJhf7AqfuG3KulWbUZOCcDQ5fDvahoQi6fcCtQBemZ41 || 0
2018-09-14 13:23:29,962 [77] INFO WebApi.BCIconf.Helpers.TrackUser - Addting tracking: 65uDCWR2ah00d2cLjX9PGzxEuubzOnoFfFEANGAiBZU1 || 0
2018-09-14 13:23:39,625 [17] ERROR WebApi.BCIconf.Helpers.TrackUser - TRACK CHANGES: Login failed for user 'admaxtrator'.
2018-09-14 13:23:52,904 [18] INFO WebApi.BCIconf.Helpers.TrackUser - Addting tracking: bfEc9_Y2LtFQAfnwU_OtMGlLLvhNryELsL6-es-Bl8g1 || 0
2018-09-14 13:23:56,445 [77] ERROR WebApi.BCIconf.Helpers.TrackUser - TRACK CHANGES: Login failed for user 'admaxtrator'.
2018-09-14 13:24:06,422 [26] INFO WebApi.BCIconf.Helpers.TrackUser - Addting tracking: zwnSw8hlHvzdVMUVQV8sVgMj_jHqeJuhsZsvlj8HJ-Y1 || 0
2018-09-14 13:24:12,237 [18] ERROR WebApi.BCIconf.Helpers.TrackUser - TRACK CHANGES: Login failed for user 'admaxtrator'.
2018-09-14 13:24:15,692 [18] INFO WebApi.BCIconf.Helpers.TrackUser - Addting tracking: KJtHgKiNIPa_AimGdh-xoddkR6RHItjmc4CJVEOqN4Y1 || 0
2018-09-14 13:24:28,002 [26] ERROR WebApi.BCIconf.Helpers.TrackUser - TRACK CHANGES: Login failed for user 'admaxtrator'.
2018-09-14 13:24:43,730 [18] ERROR WebApi.BCIconf.Helpers.TrackUser - TRACK CHANGES: Login failed for user 'admaxtrator'.
2018-09-14 13:27:28,606 [17] INFO WebApi.BCIconf.Helpers.TrackUser - Addting tracking: xxDAwX7zolzk6sufbji-CJ3cTvZtMhjhbql_DOhAUas1 || 0
2018-09-14 13:27:44,601 [17] ERROR WebApi.BCIconf.Helpers.TrackUser - TRACK CHANGES: Login failed for user 'admaxtrator'.
2018-09-14 13:43:51,833 [62] INFO WebApi.BCIconf.Helpers.TrackUser - Addting tracking: a7wurkUy8jCIJjlNqR16_b5QdQLSi7-JCqdiasuBw5s1 || 0
2018-09-14 13:44:09,607 [62] ERROR WebApi.BCIconf.Helpers.TrackUser - TRACK CHANGES: Login failed for user 'admaxtrator'.
2018-09-14 14:15:02,508 [17] INFO WebApi.BCIconf.Helpers.TrackUser - Addting tracking: VT74Ztqt2E4kVt11SX-8KapboIfhFuizoYSFCon6mqM1 || 0
2018-09-14 14:15:18,504 [17] ERROR WebApi.BCIconf.Helpers.TrackUser - TRACK CHANGES: Login failed for user 'admaxtrator'.
2018-09-14 14:21:55,910 [17] INFO WebApi.BCIconf.Helpers.TrackUser - Addting tracking: O_Zi11m__eHh5b3MOU5hBJzx4G2XlVw1yATAqaFQtP41 || 0
2018-09-14 14:22:11,796 [17] ERROR WebApi.BCIconf.Helpers.TrackUser - TRACK CHANGES: Login failed for user 'admaxtrator'.
2018-09-14 14:54:40,160 [82] INFO WebApi.BCIconf.Helpers.TrackUser - Addting tracking: p3QraN8fAIySNYRnzgTYfzct4UCabF53f5cPst9Afvc1 || 0
2018-09-14 14:54:47,686 [17] INFO WebApi.BCIconf.Helpers.TrackUser - Addting tracking: GW7WAHhogGyITiIKYHxiEorV9tAjlbcT-mbktBij3J01 || 0
2018-09-14 14:54:56,030 [82] ERROR WebApi.BCIconf.Helpers.TrackUser - TRACK CHANGES: Login failed for user 'admaxtrator'.
2018-09-14 14:55:12,356 [17] ERROR WebApi.BCIconf.Helpers.TrackUser - TRACK CHANGES: Login failed for user 'admaxtrator'.
2018-09-14 14:55:36,034 [62] INFO WebApi.BCIconf.Helpers.TrackUser - Addting tracking: yi2m3MpDMj88fCOs0fnbDoHPJWxlNSNkXGzEN0XXck81 || 0
2018-09-14 14:55:51,878 [62] ERROR WebApi.BCIconf.Helpers.TrackUser - TRACK CHANGES: Login failed for user 'admaxtrator'.
2018-09-14 14:59:01,111 [17] INFO WebApi.BCIconf.Helpers.TrackUser - Addting tracking: rkAo22F2kndkF92t3Qxab-fh5Oc22tkl-t55raQGXuM1 || 0
2018-09-14 14:59:13,148 [18] INFO WebApi.BCIconf.Helpers.TrackUser - Addting tracking: JZVq-9l_V4yjebWnn6dcX4nqttZQg_lnCm74gAbYj1M1 || 0
2018-09-14 14:59:16,945 [17] ERROR WebApi.BCIconf.Helpers.TrackUser - TRACK CHANGES: Login failed for user 'admaxtrator'.
2018-09-14 14:59:24,296 [62] INFO WebApi.BCIconf.Helpers.TrackUser - Addting tracking: SZnwxSRdVsOPrULZS1ohcGrXOlFJmW0KJnMmR8MOPTE1 || 0
2018-09-14 14:59:32,857 [18] ERROR WebApi.BCIconf.Helpers.TrackUser - TRACK CHANGES: Login failed for user 'admaxtrator'.
2018-09-14 14:59:37,420 [17] INFO WebApi.BCIconf.Helpers.TrackUser - Addting tracking: fyrtbINjU_qk3ywrsPz0Isoaj00koau7Tkg52izPNro1 || 0
2018-09-14 14:59:48,826 [62] ERROR WebApi.BCIconf.Helpers.TrackUser - TRACK CHANGES: Login failed for user 'admaxtrator'.
2018-09-14 14:59:50,562 [35] INFO WebApi.BCIconf.Helpers.TrackUser - Addting tracking: xF0oRcj2iGM3AO4J9xeRbhCGOXG-YNfwbuJgSYDG7sM1 || 0
2018-09-14 15:00:03,764 [18] INFO WebApi.BCIconf.Helpers.TrackUser - Addting tracking: ccwB33yjf8vOWVpBd3Kmv5XPBNSmFtZ6IB-akiFJdC81 || 0
2018-09-14 15:00:04,865 [17] ERROR WebApi.BCIconf.Helpers.TrackUser - TRACK CHANGES: Login failed for user 'admaxtrator'.
2018-09-14 15:00:11,478 [62] INFO WebApi.BCIconf.Helpers.TrackUser - Addting tracking: p0de7TXTojNU1U7WoLmyS3MYKFVHn_abWQj3LhAZWYg1 || 0
2018-09-14 15:00:20,626 [10] INFO WebApi.BCIconf.Helpers.TrackUser - Addting tracking: tHQvVbTqgvOcRqyN9HVsOFdl8Tm1C3dBkZhWQCT1HcA1 || 0
2018-09-14 15:00:20,678 [35] ERROR WebApi.BCIconf.Helpers.TrackUser - TRACK CHANGES: Login failed for user 'admaxtrator'.
2018-09-14 15:00:32,737 [17] INFO WebApi.BCIconf.Helpers.TrackUser - Addting tracking: ZKXYLH06wCak93lxNSlFSr-mejL5ddB2cjTAeLLQLTQ1 || 0
2018-09-14 15:00:34,723 [35] INFO WebApi.BCIconf.Helpers.TrackUser - Addting tracking: oXuEYxQp3vklpyl_s1oegx9iBbtX89rEwQq0tNSolVs1 || 0
2018-09-14 15:00:36,533 [18] ERROR WebApi.BCIconf.Helpers.TrackUser - TRACK CHANGES: Login failed for user 'admaxtrator'.
2018-09-14 15:00:42,572 [77] INFO WebApi.BCIconf.Helpers.TrackUser - Addting tracking: yLEWvN_rlHtg1pTiB3-qG0u9Ba3bv8vtFG2I2ecxgWY1 || 0
2018-09-14 15:00:46,054 [18] INFO WebApi.BCIconf.Helpers.TrackUser - Addting tracking: AG9PhgR1cD41UdmG-TF-W31NGRiFetflo-DPKTtILHQ1 || 0
2018-09-14 15:00:57,749 [20] INFO WebApi.BCIconf.Helpers.TrackUser - Addting tracking: mWwLkq7zGv4l-5iSF0xp1V35wC__0Xo7uHcieY6vAVI1 || 0
2018-09-14 15:01:02,490 [62] ERROR WebApi.BCIconf.Helpers.TrackUser - TRACK CHANGES: Login failed for user 'admaxtrator'.
2018-09-14 15:01:18,146 [26] INFO WebApi.BCIconf.Helpers.TrackUser - Addting tracking: nMn4fvPyuXEx3QvQAxR4PaTIL8LxY7UTZa-v1PGnWQQ1 || 0
2018-09-14 15:01:18,586 [10] ERROR WebApi.BCIconf.Helpers.TrackUser - TRACK CHANGES: Login failed for user 'admaxtrator'.
2018-09-14 15:01:38,324 [17] ERROR WebApi.BCIconf.Helpers.TrackUser - TRACK CHANGES: Login failed for user 'admaxtrator'.
2018-09-14 15:01:54,143 [35] ERROR WebApi.BCIconf.Helpers.TrackUser - TRACK CHANGES: Login failed for user 'admaxtrator'.
2018-09-14 15:02:10,091 [77] ERROR WebApi.BCIconf.Helpers.TrackUser - TRACK CHANGES: Login failed for user 'admaxtrator'.
2018-09-14 15:02:25,896 [18] ERROR WebApi.BCIconf.Helpers.TrackUser - TRACK CHANGES: Login failed for user 'admaxtrator'.
2018-09-14 15:02:45,179 [20] ERROR WebApi.BCIconf.Helpers.TrackUser - TRACK CHANGES: Login failed for user 'admaxtrator'.
2018-09-14 15:03:01,322 [26] ERROR WebApi.BCIconf.Helpers.TrackUser - TRACK CHANGES: Login failed for user 'admaxtrator'.
2018-09-14 15:03:19,373 [26] INFO WebApi.BCIconf.Helpers.TrackUser - Addting tracking: yCZkIMnUuRXphetoMCSYBUa3ca7mUkR5Li37naoCrPQ1 || 0
2018-09-14 15:03:35,160 [26] ERROR WebApi.BCIconf.Helpers.TrackUser - TRACK CHANGES: Login failed for user 'admaxtrator'.
2018-09-14 15:03:38,641 [77] INFO WebApi.BCIconf.Helpers.TrackUser - Addting tracking: pwEqTqqth5EtAuwzMFa3hDFd0k1dmt7TzFjJ9HVeNug1 || 0
2018-09-14 15:03:42,016 [41] INFO WebApi.BCIconf.Helpers.TrackUser - Addting tracking: CWwPWa0WB95JYOZvhf4KzLZA--O5i75ugvwAs1h8M0E1 || 0
2018-09-14 15:03:54,480 [77] ERROR WebApi.BCIconf.Helpers.TrackUser - TRACK CHANGES: Login failed for user 'admaxtrator'.
2018-09-14 15:04:11,103 [41] ERROR WebApi.BCIconf.Helpers.TrackUser - TRACK CHANGES: Login failed for user 'admaxtrator'.
2018-09-14 15:24:56,935 [41] INFO WebApi.BCIconf.Helpers.TrackUser - Addting tracking: JxSSYBXcZWKl1VC04rBqzGelt5vQGtZJ_3GXT12Hx141 || 0
2018-09-14 15:25:06,076 [62] INFO WebApi.BCIconf.Helpers.TrackUser - Addting tracking: Cgd1aLEVxcCkSqD8gj6Vh8cQ0iWBLKp7wEUT4dlCQvU1 || 0
2018-09-14 15:25:12,834 [41] ERROR WebApi.BCIconf.Helpers.TrackUser - TRACK CHANGES: Login failed for user 'admaxtrator'.
2018-09-14 15:25:28,685 [62] ERROR WebApi.BCIconf.Helpers.TrackUser - TRACK CHANGES: Login failed for user 'admaxtrator'.
2018-09-14 15:53:38,515 [78] INFO WebApi.BCIconf.Helpers.TrackUser - Addting tracking: siQFPZ_tu-xVoGlLGU1a01eSEJR0EI9JzvyEP6e3JjU1 || 0
2018-09-14 15:53:54,395 [78] ERROR WebApi.BCIconf.Helpers.TrackUser - TRACK CHANGES: Login failed for user 'admaxtrator'.
2018-09-14 16:14:55,867 [77] INFO WebApi.BCIconf.Helpers.TrackUser - Addting tracking: vZnUKPE7eqiOZFRzqEwAKNak7tX77gcnN5Y49GkptLU1 || 0
2018-09-14 16:15:13,366 [77] ERROR WebApi.BCIconf.Helpers.TrackUser - TRACK CHANGES: Login failed for user 'admaxtrator'.
2018-09-14 16:27:38,038 [39] INFO WebApi.BCIconf.Helpers.TrackUser - Addting tracking: qdm_P-Utz97NX5Vll3PT5Rjq2fF068FBVoPx0hIcROU1 || 0
2018-09-14 16:27:54,390 [39] ERROR WebApi.BCIconf.Helpers.TrackUser - TRACK CHANGES: Login failed for user 'admaxtrator'.
2018-09-14 16:28:24,343 [78] INFO WebApi.BCIconf.Helpers.TrackUser - Addting tracking: FvBt3-oHAkIsmyJ6rdy-kn3id_Ma3TJ246EYiNkuYIg1 || 0
2018-09-14 16:28:40,528 [78] ERROR WebApi.BCIconf.Helpers.TrackUser - TRACK CHANGES: Login failed for user 'admaxtrator'.
2018-09-14 16:29:36,093 [10] INFO WebApi.BCIconf.Helpers.TrackUser - Addting tracking: B9W2U5KqugrGDHJfmG5X_8IGbbmKhIeQh0g9b-8R4LQ1 || 0
2018-09-14 16:29:52,146 [10] ERROR WebApi.BCIconf.Helpers.TrackUser - TRACK CHANGES: Login failed for user 'admaxtrator'.
2018-09-14 16:30:08,846 [78] INFO WebApi.BCIconf.Helpers.TrackUser - Addting tracking: UjIBfHdeiUjz7NxtMppbGnhThO9iBdazE0GVR9kKt6k1 || 0
2018-09-14 16:30:14,041 [10] INFO WebApi.BCIconf.Helpers.TrackUser - Addting tracking: x254rCOxwhaGEkFHeA1jHoS8py7EkovK3x7iysxN7tI1 || 0
2018-09-14 16:30:24,837 [78] ERROR WebApi.BCIconf.Helpers.TrackUser - TRACK CHANGES: Login failed for user 'admaxtrator'.
2018-09-14 16:30:40,807 [10] ERROR WebApi.BCIconf.Helpers.TrackUser - TRACK CHANGES: Login failed for user 'admaxtrator'.
2018-09-14 16:30:47,551 [10] INFO WebApi.BCIconf.Helpers.TrackUser - Addting tracking: 2RD_GisYoE2XzixJxLgZ33fVHjKqkXMnF9ruaMFRh7I1 || 0
2018-09-14 16:31:03,194 [72] INFO WebApi.BCIconf.Helpers.TrackUser - Addting tracking: DebpZkXmEOmMRIJ8G1fDw8GOjBQg57WPrYTtC0GQFN81 || 0
2018-09-14 16:31:08,470 [10] ERROR WebApi.BCIconf.Helpers.TrackUser - TRACK CHANGES: Login failed for user 'admaxtrator'.
2018-09-14 16:31:24,296 [72] ERROR WebApi.BCIconf.Helpers.TrackUser - TRACK CHANGES: Login failed for user 'admaxtrator'.
2018-09-14 16:34:18,420 [72] INFO WebApi.BCIconf.Helpers.TrackUser - Addting tracking: SW2aqtsGuP0Vs_7NRSQZmt75veDkSQ-_9k4THDCSaS01 || 0
2018-09-14 16:34:36,865 [72] ERROR WebApi.BCIconf.Helpers.TrackUser - TRACK CHANGES: Login failed for user 'admaxtrator'.
2018-09-14 16:36:17,367 [77] INFO WebApi.BCIconf.Helpers.TrackUser - Addting tracking: fz56OzD1gAMsi7HUDzS2DIFy54R00xBia4hnFTCVlEE1 || 0
2018-09-14 16:36:21,497 [78] INFO WebApi.BCIconf.Helpers.TrackUser - Addting tracking: wZXUGo6Cx3Q8uJWKH5sPCABZ2C-BmjkgOktvrtwbzBA1 || 0
2018-09-14 16:36:33,316 [77] ERROR WebApi.BCIconf.Helpers.TrackUser - TRACK CHANGES: Login failed for user 'admaxtrator'.
2018-09-14 16:36:49,400 [78] ERROR WebApi.BCIconf.Helpers.TrackUser - TRACK CHANGES: Login failed for user 'admaxtrator'.
2018-09-14 16:43:52,690 [72] INFO WebApi.BCIconf.Helpers.TrackUser - Addting tracking: XwO95WH85YFYInn8hJFeNe1wkeudrWvWvO-ADYeTyfI1 || 0
2018-09-14 16:44:23,660 [72] ERROR WebApi.BCIconf.Helpers.TrackUser - TRACK CHANGES: Login failed for user 'admaxtrator'.
2018-09-14 16:46:57,101 [77] INFO WebApi.BCIconf.Helpers.TrackUser - Addting tracking: fB5qr69eZYhKHX1yPSybcb-Wd2o_gNq9R4c4c9vHQtk1 || 0
2018-09-14 16:47:00,797 [39] INFO WebApi.BCIconf.Helpers.TrackUser - Addting tracking: YUH0eTQuQv3RHzcBVpNnGS2hxcZ_XB7YylcAzcbhOAU1 || 0
2018-09-14 16:47:12,955 [77] ERROR WebApi.BCIconf.Helpers.TrackUser - TRACK CHANGES: Login failed for user 'admaxtrator'.
2018-09-14 16:47:43,877 [10] INFO WebApi.BCIconf.Helpers.TrackUser - Addting tracking: fkn5SpPg_Fd90M4plvVkB7h7ZYAE_7PktWvwpUjLF2E1 || 0
2018-09-14 16:47:45,031 [39] ERROR WebApi.BCIconf.Helpers.TrackUser - TRACK CHANGES: An exception occurred while initializing the database. See the InnerException for details.
2018-09-14 16:47:55,573 [39] INFO WebApi.BCIconf.Helpers.TrackUser - Addting tracking: XLNO_yGIXvlciHeyv_cSaYcmK_CW9MIfprr2t_5JfAA1 || 0
2018-09-14 16:47:59,334 [77] INFO WebApi.BCIconf.Helpers.TrackUser - Addting tracking: eB6O4jX5_MuIdG7hAlEaD3_2EHUpN2Yfa04_9i9XTOs1 || 0
2018-09-14 16:48:00,606 [72] INFO WebApi.BCIconf.Helpers.TrackUser - Addting tracking: -671OtDyd-olavQwm097K-nn0W2es2g-XOhxtRAwkQM1 || 0
2018-09-14 16:48:00,763 [10] ERROR WebApi.BCIconf.Helpers.TrackUser - TRACK CHANGES: Login failed for user 'admaxtrator'.
2018-09-14 16:48:04,398 [78] INFO WebApi.BCIconf.Helpers.TrackUser - Addting tracking: oWSBtKQIwAc7sZVp-ZJszlGChtKXDYm_H3Q5viA6fKI1 || 0
2018-09-14 16:48:11,047 [10] INFO WebApi.BCIconf.Helpers.TrackUser - Addting tracking: EfZvaG2h2az9lp_wrv4_d7asqmy5hG6ZVPaUAmkYs_E1 || 0
2018-09-14 16:48:20,988 [12] INFO WebApi.BCIconf.Helpers.TrackUser - Addting tracking: y7Lajrt3zofJtaL2YKZ2xRQXA20XMC1oaoYZaN_OByM1 || 0
2018-09-14 16:48:28,352 [82] INFO WebApi.BCIconf.Helpers.TrackUser - Addting tracking: dODBThz3srvVkbwyVG4YpTrWiFqegAhyimBh62mMLc41 || 0
2018-09-14 16:48:32,837 [39] ERROR WebApi.BCIconf.Helpers.TrackUser - TRACK CHANGES: Login failed for user 'admaxtrator'.
2018-09-14 16:48:50,364 [69] INFO WebApi.BCIconf.Helpers.TrackUser - Addting tracking: MwFKhARFQupce7qwkoRGHL4-Vk0iNXPP_ZJvvTJ1a-w1 || 0
2018-09-14 16:48:58,133 [77] ERROR WebApi.BCIconf.Helpers.TrackUser - TRACK CHANGES: Login failed for user 'admaxtrator'.
2018-09-14 16:48:58,800 [34] INFO WebApi.BCIconf.Helpers.TrackUser - Addting tracking: wqnkQ0zfq5ZXcIt4pcnc8mpwWKNDH01b_ZNYpPVkmf41 || 0
2018-09-14 16:49:22,309 [72] ERROR WebApi.BCIconf.Helpers.TrackUser - TRACK CHANGES: Login failed for user 'admaxtrator'.
2018-09-14 16:49:38,143 [78] ERROR WebApi.BCIconf.Helpers.TrackUser - TRACK CHANGES: Login failed for user 'admaxtrator'.
2018-09-14 16:49:59,271 [10] ERROR WebApi.BCIconf.Helpers.TrackUser - TRACK CHANGES: Login failed for user 'admaxtrator'.
2018-09-14 16:50:17,113 [12] ERROR WebApi.BCIconf.Helpers.TrackUser - TRACK CHANGES: Login failed for user 'admaxtrator'.
2018-09-14 16:50:33,126 [82] ERROR WebApi.BCIconf.Helpers.TrackUser - TRACK CHANGES: Login failed for user 'admaxtrator'.
2018-09-14 16:50:50,245 [69] ERROR WebApi.BCIconf.Helpers.TrackUser - TRACK CHANGES: Login failed for user 'admaxtrator'.
2018-09-14 16:51:06,801 [34] ERROR WebApi.BCIconf.Helpers.TrackUser - TRACK CHANGES: Login failed for user 'admaxtrator'.
2018-09-14 17:20:08,359 [67] INFO WebApi.BCIconf.Helpers.TrackUser - Addting tracking: 4hP7LjPDQDUxAp880yCz5g6ATmm30IFpjkdSzPGcm-Q1 || 0
2018-09-14 17:20:25,735 [67] ERROR WebApi.BCIconf.Helpers.TrackUser - TRACK CHANGES: Login failed for user 'admaxtrator'.
2018-09-14 18:07:27,971 [67] INFO WebApi.BCIconf.Helpers.TrackUser - Addting tracking: SCJWX6p7QijDwSLm9nuupq1b2fRUVaWRXQAKEF2EaZI1 || 0
2018-09-14 18:07:43,956 [67] ERROR WebApi.BCIconf.Helpers.TrackUser - TRACK CHANGES: Login failed for user 'admaxtrator'.
2018-09-14 18:29:49,050 [34] INFO WebApi.BCIconf.Helpers.TrackUser - Addting tracking: 3PLHoCHCSaSOivHoBWCojHU_IUC-NTymSx-Iq5_21V41 || 0
2018-09-14 18:29:55,444 [19] INFO WebApi.BCIconf.Helpers.TrackUser - Addting tracking: XKJjWSLJmD5jg2Mtgii9a-AsfEy6aMpscVM1SH6krmI1 || 0
2018-09-14 18:30:04,616 [67] INFO WebApi.BCIconf.Helpers.TrackUser - Addting tracking: EOR_y6_4EbaILYE9IxtPK7_o19Jbpb7Pt_rWRqB76sw1 || 0
2018-09-14 18:30:04,931 [34] ERROR WebApi.BCIconf.Helpers.TrackUser - TRACK CHANGES: Login failed for user 'admaxtrator'.
2018-09-14 18:30:31,820 [19] ERROR WebApi.BCIconf.Helpers.TrackUser - TRACK CHANGES: Login failed for user 'admaxtrator'.
2018-09-14 18:30:54,827 [67] ERROR WebApi.BCIconf.Helpers.TrackUser - TRACK CHANGES: Login failed for user 'admaxtrator'.
2018-09-14 18:32:47,534 [29] INFO WebApi.BCIconf.Helpers.TrackUser - Addting tracking: Zl_2IRuEiUI1f_FcIWiaegQxGYEWOkUMtPNCvHw7Sl01 || 0
2018-09-14 18:32:52,087 [13] INFO WebApi.BCIconf.Helpers.TrackUser - Addting tracking: mxc2rBttFmhyQUOsUrQNYHUQ0UajrNIcbpNheACUe_Q1 || 0
2018-09-14 18:32:58,589 [19] INFO WebApi.BCIconf.Helpers.TrackUser - Addting tracking: VSC1KLBtv5WB5KQvv0FSTpphmlkCwzyiGFe61cjyaNo1 || 0
2018-09-14 18:33:04,178 [29] ERROR WebApi.BCIconf.Helpers.TrackUser - TRACK CHANGES: Login failed for user 'admaxtrator'.
2018-09-14 18:33:19,991 [13] ERROR WebApi.BCIconf.Helpers.TrackUser - TRACK CHANGES: Login failed for user 'admaxtrator'.
2018-09-14 18:33:35,907 [19] ERROR WebApi.BCIconf.Helpers.TrackUser - TRACK CHANGES: Login failed for user 'admaxtrator'.
2018-09-14 18:35:25,249 [13] INFO WebApi.BCIconf.Helpers.TrackUser - Addting tracking: 1V8UCm9cA3uNZIOaYUMpRZz_eFutuMwRD7O21A0a96E1 || 0
2018-09-14 18:35:37,020 [19] INFO WebApi.BCIconf.Helpers.TrackUser - Addting tracking: UFbNPY7SNm_q3TVXnsdkSy3vU3vq-SO8TX8-A8rK9Hw1 || 0
2018-09-14 18:35:41,082 [13] ERROR WebApi.BCIconf.Helpers.TrackUser - TRACK CHANGES: Login failed for user 'admaxtrator'.
2018-09-14 18:35:57,614 [19] ERROR WebApi.BCIconf.Helpers.TrackUser - TRACK CHANGES: Login failed for user 'admaxtrator'.
2018-09-14 18:50:12,599 [13] INFO WebApi.BCIconf.Helpers.TrackUser - Addting tracking: jV3VoocVL_a4g_0z5t4wNfNFWz_ywuIlSXu57uWnaYU1 || 0
2018-09-14 18:50:20,027 [67] INFO WebApi.BCIconf.Helpers.TrackUser - Addting tracking: VQw5kCWDsUvU22mLu5T8qqLZYUwgukHKel_U8QuWCWg1 || 0
2018-09-14 18:50:28,573 [13] ERROR WebApi.BCIconf.Helpers.TrackUser - TRACK CHANGES: Login failed for user 'admaxtrator'.
2018-09-14 18:50:44,596 [67] ERROR WebApi.BCIconf.Helpers.TrackUser - TRACK CHANGES: Login failed for user 'admaxtrator'.
2018-09-14 18:59:36,159 [13] INFO WebApi.BCIconf.Helpers.TrackUser - Addting tracking: 4Nio5UeTVnzKsF922zmGv58CSupZHYXXVFhrwREMvw41 || 0
2018-09-14 18:59:53,328 [13] ERROR WebApi.BCIconf.Helpers.TrackUser - TRACK CHANGES: Login failed for user 'admaxtrator'.
2018-09-14 19:01:37,173 [13] INFO WebApi.BCIconf.Helpers.TrackUser - Addting tracking: wgygy81V04Blj1JaOfOMa2f2F-QmdGVxgqkbgDfvVfA1 || 0
2018-09-14 19:01:52,941 [13] ERROR WebApi.BCIconf.Helpers.TrackUser - TRACK CHANGES: Login failed for user 'admaxtrator'.
2018-09-14 19:04:43,724 [35] INFO WebApi.BCIconf.Helpers.TrackUser - Addting tracking: t5nmoa1AzknwwxLV43v7C2klnX2Hl5LcU6ruiUbsh9s1 || 0
2018-09-14 19:04:59,589 [35] ERROR WebApi.BCIconf.Helpers.TrackUser - TRACK CHANGES: Login failed for user 'admaxtrator'.
2018-09-14 19:05:59,903 [35] INFO WebApi.BCIconf.Helpers.TrackUser - Addting tracking: yTVS63Mu803Lf95vNjN2jvcmQJ7AsHSV-i4iXfqx1yI1 || 0
2018-09-14 19:06:23,842 [35] ERROR WebApi.BCIconf.Helpers.TrackUser - TRACK CHANGES: Login failed for user 'admaxtrator'.
2018-09-14 19:14:20,386 [35] INFO WebApi.BCIconf.Helpers.TrackUser - Addting tracking: lGlCwSCr-SZ2RmDiHlC1C_AZmaz_WCgVNg_KqWm3Pl81 || 0
2018-09-14 19:14:36,301 [35] ERROR WebApi.BCIconf.Helpers.TrackUser - TRACK CHANGES: Login failed for user 'admaxtrator'.
2018-09-14 19:14:59,489 [59] INFO WebApi.BCIconf.Helpers.TrackUser - Addting tracking: pAyGs_2r0fGE0ojqZQ3jvGfUmcQhYnknhqkccpEDkBI1 || 0
2018-09-14 19:15:01,374 [35] INFO WebApi.BCIconf.Helpers.TrackUser - Addting tracking: rO3J9OyHNFhIZfaVoo8Ci-IAr8wQfznXhz2t38yrhH81 || 0
2018-09-14 19:15:15,466 [59] ERROR WebApi.BCIconf.Helpers.TrackUser - TRACK CHANGES: Login failed for user 'admaxtrator'.
2018-09-14 19:15:31,330 [35] ERROR WebApi.BCIconf.Helpers.TrackUser - TRACK CHANGES: Login failed for user 'admaxtrator'.
2018-09-14 19:18:17,834 [35] INFO WebApi.BCIconf.Helpers.TrackUser - Addting tracking: JGIuMXj1b6wqtWk9yN8KTw_gRCIOe_JDh7U4D-7pEDk1 || 0
2018-09-14 19:18:33,617 [35] ERROR WebApi.BCIconf.Helpers.TrackUser - TRACK CHANGES: Login failed for user 'admaxtrator'.
2018-09-14 19:18:39,835 [59] INFO WebApi.BCIconf.Helpers.TrackUser - Addting tracking: 5NFpNVkvyTWuWNFpTYdnGkU4nhEWhoOBdgvWdSIyz7s1 || 0
2018-09-14 19:18:43,359 [35] INFO WebApi.BCIconf.Helpers.TrackUser - Addting tracking: xDveCZuK9kpeWvmN2VnjfBws1fFJf6LF8wK1D5H2mlk1 || 0
2018-09-14 19:18:55,701 [59] ERROR WebApi.BCIconf.Helpers.TrackUser - TRACK CHANGES: Login failed for user 'admaxtrator'.
2018-09-14 19:19:07,136 [13] INFO WebApi.BCIconf.Helpers.TrackUser - Addting tracking: shZJn4MA2qcyty_bVYOhADAJn16CdQMDwcIV0VFCMDo1 || 0
2018-09-14 19:19:11,535 [35] ERROR WebApi.BCIconf.Helpers.TrackUser - TRACK CHANGES: Login failed for user 'admaxtrator'.
2018-09-14 19:19:13,007 [59] INFO WebApi.BCIconf.Helpers.TrackUser - Addting tracking: JaBFHeBM78ziWCVmNchQysj4Mvpnfy0RpIb1D1SRfSM1 || 0
2018-09-14 19:19:38,920 [13] ERROR WebApi.BCIconf.Helpers.TrackUser - TRACK CHANGES: Login failed for user 'admaxtrator'.
2018-09-14 19:19:54,685 [59] ERROR WebApi.BCIconf.Helpers.TrackUser - TRACK CHANGES: Login failed for user 'admaxtrator'.
2018-09-14 19:21:33,965 [13] INFO WebApi.BCIconf.Helpers.TrackUser - Addting tracking: CsXaLjOkAB8qiHJDkOYBrQEOtWUxiAsLmLqiz5VAQvI1 || 0
2018-09-14 19:21:38,479 [76] INFO WebApi.BCIconf.Helpers.TrackUser - Addting tracking: G9iEweO-6po1KekaOfyusHp75NF4g2gQHhcYTkPAexg1 || 0
2018-09-14 19:21:55,870 [13] ERROR WebApi.BCIconf.Helpers.TrackUser - TRACK CHANGES: Login failed for user 'admaxtrator'.
2018-09-14 19:22:13,574 [29] INFO WebApi.BCIconf.Helpers.TrackUser - Addting tracking: 3AVaWkDIjpgDQpBuFC8SsDj0mL8sD6wBpUBel14iZYM1 || 0
2018-09-14 19:22:13,706 [76] ERROR WebApi.BCIconf.Helpers.TrackUser - TRACK CHANGES: Login failed for user 'admaxtrator'.
2018-09-14 19:22:26,851 [59] INFO WebApi.BCIconf.Helpers.TrackUser - Addting tracking: izTEu1Fj9llUPiSbkzHonc0hv_SprWfqeq8G6ED7Ryk1 || 0
2018-09-14 19:22:30,908 [35] INFO WebApi.BCIconf.Helpers.TrackUser - Addting tracking: Nc9AQdKMaMIAr5nq_Iz2CxQcSVkJvxju1_75cd7s06Q1 || 0
2018-09-14 19:22:34,546 [29] ERROR WebApi.BCIconf.Helpers.TrackUser - TRACK CHANGES: Login failed for user 'admaxtrator'.
2018-09-14 19:22:43,248 [29] INFO WebApi.BCIconf.Helpers.TrackUser - Addting tracking: 9GSJVdMUr1FYbJ9lU18cDsayZQy0dzCX_Xs571sdX9M1 || 0
2018-09-14 19:22:46,899 [13] INFO WebApi.BCIconf.Helpers.TrackUser - Addting tracking: SE9o4j3-UTjgaa0MRaI75y_VFjcsDMadub-I2q8F4Es1 || 0
2018-09-14 19:22:50,420 [59] ERROR WebApi.BCIconf.Helpers.TrackUser - TRACK CHANGES: Login failed for user 'admaxtrator'.
2018-09-14 19:23:02,932 [76] INFO WebApi.BCIconf.Helpers.TrackUser - Addting tracking: aa513fgv52rdRmxxJpo8GrvMm4IlHpwNKd6hWLHbIvY1 || 0
2018-09-14 19:23:06,224 [35] ERROR WebApi.BCIconf.Helpers.TrackUser - TRACK CHANGES: Login failed for user 'admaxtrator'.
2018-09-14 19:23:09,737 [59] INFO WebApi.BCIconf.Helpers.TrackUser - Addting tracking: I1h_GLFybT2vUrZpmgGI352Do-88iw76r6v3_q9daOo1 || 0
2018-09-14 19:23:21,733 [67] INFO WebApi.BCIconf.Helpers.TrackUser - Addting tracking: Lfy6K3ew3rL-tWD4VkCBZMRQYM7SendbGUFClKWNuMc1 || 0
2018-09-14 19:23:22,589 [29] ERROR WebApi.BCIconf.Helpers.TrackUser - TRACK CHANGES: Login failed for user 'admaxtrator'.
2018-09-14 19:23:43,392 [13] ERROR WebApi.BCIconf.Helpers.TrackUser - TRACK CHANGES: Login failed for user 'admaxtrator'.
2018-09-14 19:24:02,697 [76] ERROR WebApi.BCIconf.Helpers.TrackUser - TRACK CHANGES: Login failed for user 'admaxtrator'.
2018-09-14 19:24:18,567 [59] ERROR WebApi.BCIconf.Helpers.TrackUser - TRACK CHANGES: Login failed for user 'admaxtrator'.
2018-09-14 19:24:23,296 [76] INFO WebApi.BCIconf.Helpers.TrackUser - Addting tracking: qiLXpv9wXM2d31ImSgG1x7SYZWLYUU-qYjdkPs5Dvq81 || 0
2018-09-14 19:24:34,599 [67] ERROR WebApi.BCIconf.Helpers.TrackUser - TRACK CHANGES: Login failed for user 'admaxtrator'.
2018-09-14 19:24:50,402 [76] ERROR WebApi.BCIconf.Helpers.TrackUser - TRACK CHANGES: Login failed for user 'admaxtrator'.
2018-09-14 19:31:44,649 [76] INFO WebApi.BCIconf.Helpers.TrackUser - Addting tracking: YGD2S6YWno212V7G9vu6cVz2PeCFgjtw2kkYLtdGp281 || 0
2018-09-14 19:32:00,515 [76] ERROR WebApi.BCIconf.Helpers.TrackUser - TRACK CHANGES: Login failed for user 'admaxtrator'.
2018-09-14 19:32:32,974 [29] INFO WebApi.BCIconf.Helpers.TrackUser - Addting tracking: SH1QPriOzzQbRR99RoeNGn_sGKuoBCZRq3SyqXmGaZg1 || 0
2018-09-14 19:32:49,076 [29] ERROR WebApi.BCIconf.Helpers.TrackUser - TRACK CHANGES: Login failed for user 'admaxtrator'.
2018-09-14 19:39:11,533 [84] INFO WebApi.BCIconf.Helpers.TrackUser - Addting tracking: IlFiTNsvkR6NfKYDCQXAIS0yb_ApYid9qEiVY1I7xWc1 || 0
2018-09-14 19:39:33,165 [84] ERROR WebApi.BCIconf.Helpers.TrackUser - TRACK CHANGES: Login failed for user 'admaxtrator'.
2018-09-14 19:39:50,885 [59] INFO WebApi.BCIconf.Helpers.TrackUser - Addting tracking: Na-f7CdqyTsq0eryit8EsRPk3AgjglHQJoG1iK1Km1Y1 || 0
2018-09-14 19:40:07,819 [59] ERROR WebApi.BCIconf.Helpers.TrackUser - TRACK CHANGES: Login failed for user 'admaxtrator'.
2018-09-14 19:40:56,460 [67] INFO WebApi.BCIconf.Helpers.TrackUser - Addting tracking: ml4_HcVYMgFZUXMSfFJ2mDlHAJ4xh6_C7TKPvdQAyCg1 || 0
2018-09-14 19:41:01,204 [13] INFO WebApi.BCIconf.Helpers.TrackUser - Addting tracking: dwANL6A220mW0O-2G3FJc68mcRwcCT_XIe_E8Pgy7kc1 || 0
2018-09-14 19:41:12,335 [67] ERROR WebApi.BCIconf.Helpers.TrackUser - TRACK CHANGES: Login failed for user 'admaxtrator'.
2018-09-14 19:41:28,375 [13] ERROR WebApi.BCIconf.Helpers.TrackUser - TRACK CHANGES: Login failed for user 'admaxtrator'.
2018-09-14 19:47:48,403 [67] INFO WebApi.BCIconf.Helpers.TrackUser - Addting tracking: 7ODGXoSpdJsG9s6fXipczSSiGYp5Uh_MxqaZLIe7NwQ1 || 0
2018-09-14 19:47:58,532 [35] INFO WebApi.BCIconf.Helpers.TrackUser - Addting tracking: YsKLTeZHLj79XeshJA1cJlJkZ495AFShYvfJb75_6Xk1 || 0
2018-09-14 19:48:04,431 [67] ERROR WebApi.BCIconf.Helpers.TrackUser - TRACK CHANGES: Login failed for user 'admaxtrator'.
2018-09-14 19:48:22,165 [35] ERROR WebApi.BCIconf.Helpers.TrackUser - TRACK CHANGES: Login failed for user 'admaxtrator'.
2018-09-14 19:54:20,573 [84] INFO WebApi.BCIconf.Helpers.TrackUser - Addting tracking: AyFgp_ZGA1yKVPj2CHxchT9qirW3OTHo2P0HNiG4Sac1 || 0
2018-09-14 19:54:36,483 [84] ERROR WebApi.BCIconf.Helpers.TrackUser - TRACK CHANGES: Login failed for user 'admaxtrator'.
2018-09-14 20:04:26,069 [76] INFO WebApi.BCIconf.Helpers.TrackUser - Addting tracking: lhO3nII9Ut6rJW5XNuceg1_G6_RJUmWA9Fu0jbL58J01 || 0
2018-09-14 20:04:32,752 [35] INFO WebApi.BCIconf.Helpers.TrackUser - Addting tracking: LKpZE8xWkVmoOzxy98F6Jsl2moJAmyYI8B-d74pWYtk1 || 0
2018-09-14 20:04:41,989 [76] ERROR WebApi.BCIconf.Helpers.TrackUser - TRACK CHANGES: Login failed for user 'admaxtrator'.
2018-09-14 20:04:57,824 [35] ERROR WebApi.BCIconf.Helpers.TrackUser - TRACK CHANGES: Login failed for user 'admaxtrator'.
2018-09-14 20:07:55,202 [35] INFO WebApi.BCIconf.Helpers.TrackUser - Addting tracking: fj4Py_BclkMDIeZrK2iDwpGwTmz2v9fFPDEqRC8Us-E1 || 0
2018-09-14 20:07:59,633 [48] INFO WebApi.BCIconf.Helpers.TrackUser - Addting tracking: _oMFJaBNISkR10O9CYQYwl6oDvYDAtGQS_F0iH_j4QM1 || 0
2018-09-14 20:08:11,036 [35] ERROR WebApi.BCIconf.Helpers.TrackUser - TRACK CHANGES: Login failed for user 'admaxtrator'.
2018-09-14 20:08:11,399 [35] INFO WebApi.BCIconf.Helpers.TrackUser - Addting tracking: oN093LXu6I7w5Jcn5MruukjAU1VDxnBdfwdJDCnxe6I1 || 0
2018-09-14 20:08:15,646 [61] INFO WebApi.BCIconf.Helpers.TrackUser - Addting tracking: 7PDLGw5m1fOHP2HZn-MGE0VQFAOc_8x7BId4wE4bD6E1 || 0
2018-09-14 20:08:16,679 [5] INFO WebApi.BCIconf.Helpers.TrackUser - Addting tracking: _ppm1O5QvnnpCaygFa60IrB-PzBjf4rVeVrhC8fK56Y1 || 0
2018-09-14 20:08:27,752 [48] ERROR WebApi.BCIconf.Helpers.TrackUser - TRACK CHANGES: Login failed for user 'admaxtrator'.
2018-09-14 20:08:43,905 [35] ERROR WebApi.BCIconf.Helpers.TrackUser - TRACK CHANGES: Login failed for user 'admaxtrator'.
2018-09-14 20:08:59,899 [61] ERROR WebApi.BCIconf.Helpers.TrackUser - TRACK CHANGES: Login failed for user 'admaxtrator'.
2018-09-14 20:09:08,175 [63] INFO WebApi.BCIconf.Helpers.TrackUser - Addting tracking: kBE8W1we-On0HpRADlGqDjVZCUOI_vOzQNjcMr1yQqQ1 || 0
2018-09-14 20:09:15,898 [5] ERROR WebApi.BCIconf.Helpers.TrackUser - TRACK CHANGES: Login failed for user 'admaxtrator'.
2018-09-14 20:09:33,674 [63] ERROR WebApi.BCIconf.Helpers.TrackUser - TRACK CHANGES: Login failed for user 'admaxtrator'.
2018-09-14 20:11:21,314 [5] INFO WebApi.BCIconf.Helpers.TrackUser - Addting tracking: pIbw61AM8-JK7eeAq_yolcmHa_jKhkXc5mYCRIfwjiU1 || 0
2018-09-14 20:11:37,457 [5] ERROR WebApi.BCIconf.Helpers.TrackUser - TRACK CHANGES: Login failed for user 'admaxtrator'.
2018-09-14 20:16:39,808 [5] INFO WebApi.BCIconf.Helpers.TrackUser - Addting tracking: i2ZW-V_8QyQDkVR9o_geg7J3s-kLymgB4fP3QTYOswA1 || 0
2018-09-14 20:16:42,213 [53] INFO WebApi.BCIconf.Helpers.TrackUser - Addting tracking: u5I-GCip3WUnHoK1O0SxJxjLWapcdA9HjcVAFiWOnug1 || 0
2018-09-14 20:17:10,871 [5] ERROR WebApi.BCIconf.Helpers.TrackUser - TRACK CHANGES: Login failed for user 'admaxtrator'.
2018-09-14 20:17:26,620 [53] ERROR WebApi.BCIconf.Helpers.TrackUser - TRACK CHANGES: Login failed for user 'admaxtrator'.
